# JRE version: Java(TM) SE Runtime Environment 18.9 (11.0.17+10) (build 11.0.17+10-LTS-269)
# Java VM: Java HotSpot(TM) 64-Bit Server VM 18.9 (11.0.17+10-LTS-269, mixed mode, tiered, compressed oops, g1 gc, windows-amd64)
Heap:
 garbage-first heap   total 262144K, used 87482K [0x00000000e0000000, 0x0000000100000000)
  region size 1024K, 41 young (41984K), 18 survivors (18432K)
 Metaspace       used 76827K, capacity 79457K, committed 79536K, reserved 454656K
  class space    used 10413K, capacity 11486K, committed 11520K, reserved 385024K
GC Heap History (10 events):
Event: 5.397 GC heap before
{Heap before GC invocations=4 (full 0):
 garbage-first heap   total 262144K, used 118016K [0x00000000e0000000, 0x0000000100000000)
  region size 1024K, 100 young (102400K), 3 survivors (3072K)
 Metaspace       used 34922K, capacity 35816K, committed 35888K, reserved 417792K
  class space    used 4615K, capacity 4968K, committed 4992K, reserved 385024K
}
Event: 5.407 GC heap after
{Heap after GC invocations=5 (full 0):
 garbage-first heap   total 262144K, used 24221K [0x00000000e0000000, 0x0000000100000000)
  region size 1024K, 6 young (6144K), 6 survivors (6144K)
 Metaspace       used 34922K, capacity 35816K, committed 35888K, reserved 417792K
  class space    used 4615K, capacity 4968K, committed 4992K, reserved 385024K
}
Event: 9.435 GC heap before
{Heap before GC invocations=6 (full 0):
 garbage-first heap   total 262144K, used 152221K [0x00000000e0000000, 0x0000000100000000)
  region size 1024K, 132 young (135168K), 6 survivors (6144K)
 Metaspace       used 46843K, capacity 48156K, committed 48176K, reserved 428032K
  class space    used 6264K, capacity 6773K, committed 6784K, reserved 385024K
}
Event: 9.453 GC heap after
{Heap after GC invocations=7 (full 0):
 garbage-first heap   total 262144K, used 30753K [0x00000000e0000000, 0x0000000100000000)
  region size 1024K, 12 young (12288K), 12 survivors (12288K)
 Metaspace       used 46843K, capacity 48156K, committed 48176K, reserved 428032K
  class space    used 6264K, capacity 6773K, committed 6784K, reserved 385024K
}
Event: 12.615 GC heap before
{Heap before GC invocations=7 (full 0):
 garbage-first heap   total 262144K, used 184353K [0x00000000e0000000, 0x0000000100000000)
  region size 1024K, 153 young (156672K), 12 survivors (12288K)
 Metaspace       used 58011K, capacity 60041K, committed 60208K, reserved 438272K
  class space    used 7851K, capacity 8708K, committed 8832K, reserved 385024K
}
Event: 12.644 GC heap after
{Heap after GC invocations=8 (full 0):
 garbage-first heap   total 262144K, used 40055K [0x00000000e0000000, 0x0000000100000000)
  region size 1024K, 12 young (12288K), 12 survivors (12288K)
 Metaspace       used 58011K, capacity 60041K, committed 60208K, reserved 438272K
  class space    used 7851K, capacity 8708K, committed 8832K, reserved 385024K
}
Event: 14.709 GC heap before
{Heap before GC invocations=9 (full 0):
 garbage-first heap   total 262144K, used 192631K [0x00000000e0000000, 0x0000000100000000)
  region size 1024K, 153 young (156672K), 12 survivors (12288K)
 Metaspace       used 68843K, capacity 71068K, committed 71344K, reserved 446464K
  class space    used 9288K, capacity 10213K, committed 10240K, reserved 385024K
}
Event: 14.723 GC heap after
{Heap after GC invocations=10 (full 0):
 garbage-first heap   total 262144K, used 55630K [0x00000000e0000000, 0x0000000100000000)
  region size 1024K, 13 young (13312K), 13 survivors (13312K)
 Metaspace       used 68843K, capacity 71068K, committed 71344K, reserved 446464K
  class space    used 9288K, capacity 10213K, committed 10240K, reserved 385024K
}
Event: 17.590 GC heap before
{Heap before GC invocations=10 (full 0):
 garbage-first heap   total 262144K, used 198990K [0x00000000e0000000, 0x0000000100000000)
  region size 1024K, 153 young (156672K), 13 survivors (13312K)
 Metaspace       used 75313K, capacity 77947K, committed 78128K, reserved 452608K
  class space    used 10269K, capacity 11348K, committed 11392K, reserved 385024K
}
Event: 17.616 GC heap after
{Heap after GC invocations=11 (full 0):
 garbage-first heap   total 262144K, used 65978K [0x00000000e0000000, 0x0000000100000000)
  region size 1024K, 18 young (18432K), 18 survivors (18432K)
 Metaspace       used 75313K, capacity 77947K, committed 78128K, reserved 452608K
  class space    used 10269K, capacity 11348K, committed 11392K, reserved 385024K
}

