# JRE version: Java(TM) SE Runtime Environment 18.9 (11.0.17+10) (build 11.0.17+10-LTS-269)
# Java VM: Java HotSpot(TM) 64-Bit Server VM 18.9 (11.0.17+10-LTS-269, mixed mode, tiered, compressed oops, g1 gc, windows-amd64)
Heap:
 garbage-first heap   total 129024K, used 41351K [0x0000000082000000, 0x0000000100000000)
  region size 1024K, 26 young (26624K), 8 survivors (8192K)
 Metaspace       used 44331K, capacity 44803K, committed 45104K, reserved 1089536K
  class space    used 5249K, capacity 5461K, committed 5504K, reserved 1048576K
GC Heap History (10 events):
Event: 1.797 GC heap before
{Heap before GC invocations=0 (full 0):
 garbage-first heap   total 129024K, used 28672K [0x0000000082000000, 0x0000000100000000)
  region size 1024K, 24 young (24576K), 0 survivors (0K)
 Metaspace       used 13714K, capacity 13943K, committed 14080K, reserved 1062912K
  class space    used 1360K, capacity 1413K, committed 1536K, reserved 1048576K
}
Event: 1.803 GC heap after
{Heap after GC invocations=1 (full 0):
 garbage-first heap   total 129024K, used 6970K [0x0000000082000000, 0x0000000100000000)
  region size 1024K, 3 young (3072K), 3 survivors (3072K)
 Metaspace       used 13714K, capacity 13943K, committed 14080K, reserved 1062912K
  class space    used 1360K, capacity 1413K, committed 1536K, reserved 1048576K
}
Event: 2.659 GC heap before
{Heap before GC invocations=1 (full 0):
 garbage-first heap   total 129024K, used 33594K [0x0000000082000000, 0x0000000100000000)
  region size 1024K, 30 young (30720K), 3 survivors (3072K)
 Metaspace       used 20870K, capacity 21163K, committed 21296K, reserved 1069056K
  class space    used 2264K, capacity 2381K, committed 2432K, reserved 1048576K
}
Event: 2.669 GC heap after
{Heap after GC invocations=2 (full 0):
 garbage-first heap   total 129024K, used 8315K [0x0000000082000000, 0x0000000100000000)
  region size 1024K, 5 young (5120K), 5 survivors (5120K)
 Metaspace       used 20870K, capacity 21163K, committed 21296K, reserved 1069056K
  class space    used 2264K, capacity 2381K, committed 2432K, reserved 1048576K
}
Event: 4.187 GC heap before
{Heap before GC invocations=3 (full 0):
 garbage-first heap   total 129024K, used 51323K [0x0000000082000000, 0x0000000100000000)
  region size 1024K, 46 young (47104K), 5 survivors (5120K)
 Metaspace       used 28983K, capacity 29378K, committed 29616K, reserved 1075200K
  class space    used 3655K, capacity 3795K, committed 3840K, reserved 1048576K
}
Event: 4.221 GC heap after
{Heap after GC invocations=4 (full 0):
 garbage-first heap   total 129024K, used 14629K [0x0000000082000000, 0x0000000100000000)
  region size 1024K, 6 young (6144K), 6 survivors (6144K)
 Metaspace       used 28983K, capacity 29378K, committed 29616K, reserved 1075200K
  class space    used 3655K, capacity 3795K, committed 3840K, reserved 1048576K
}
Event: 5.414 GC heap before
{Heap before GC invocations=4 (full 0):
 garbage-first heap   total 129024K, used 47397K [0x0000000082000000, 0x0000000100000000)
  region size 1024K, 39 young (39936K), 6 survivors (6144K)
 Metaspace       used 35306K, capacity 35724K, committed 35888K, reserved 1081344K
  class space    used 4239K, capacity 4415K, committed 4480K, reserved 1048576K
}
Event: 5.434 GC heap after
{Heap after GC invocations=5 (full 0):
 garbage-first heap   total 129024K, used 18965K [0x0000000082000000, 0x0000000100000000)
  region size 1024K, 9 young (9216K), 9 survivors (9216K)
 Metaspace       used 35306K, capacity 35724K, committed 35888K, reserved 1081344K
  class space    used 4239K, capacity 4415K, committed 4480K, reserved 1048576K
}
Event: 7.669 GC heap before
{Heap before GC invocations=6 (full 0):
 garbage-first heap   total 129024K, used 74261K [0x0000000082000000, 0x0000000100000000)
  region size 1024K, 62 young (63488K), 9 survivors (9216K)
 Metaspace       used 43259K, capacity 43745K, committed 43952K, reserved 1087488K
  class space    used 5150K, capacity 5364K, committed 5376K, reserved 1048576K
}
Event: 7.713 GC heap after
{Heap after GC invocations=7 (full 0):
 garbage-first heap   total 129024K, used 22919K [0x0000000082000000, 0x0000000100000000)
  region size 1024K, 8 young (8192K), 8 survivors (8192K)
 Metaspace       used 43259K, capacity 43745K, committed 43952K, reserved 1087488K
  class space    used 5150K, capacity 5364K, committed 5376K, reserved 1048576K
}

