# JRE version: Java(TM) SE Runtime Environment 18.9 (11.0.17+10) (build 11.0.17+10-LTS-269)
# Java VM: Java HotSpot(TM) 64-Bit Server VM 18.9 (11.0.17+10-LTS-269, mixed mode, tiered, compressed oops, g1 gc, windows-amd64)
Heap:
 garbage-first heap   total 155648K, used 88064K [0x0000000082000000, 0x0000000100000000)
  region size 1024K, 61 young (62464K), 9 survivors (9216K)
 Metaspace       used 69566K, capacity 70348K, committed 70448K, reserved 1112064K
  class space    used 7878K, capacity 8226K, committed 8320K, reserved 1048576K
GC Heap History (10 events):
Event: 4.282 GC heap before
{Heap before GC invocations=3 (full 0):
 garbage-first heap   total 129024K, used 51263K [0x0000000082000000, 0x0000000100000000)
  region size 1024K, 45 young (46080K), 4 survivors (4096K)
 Metaspace       used 28990K, capacity 29379K, committed 29616K, reserved 1075200K
  class space    used 3655K, capacity 3795K, committed 3840K, reserved 1048576K
}
Event: 4.313 GC heap after
{Heap after GC invocations=4 (full 0):
 garbage-first heap   total 129024K, used 14321K [0x0000000082000000, 0x0000000100000000)
  region size 1024K, 6 young (6144K), 6 survivors (6144K)
 Metaspace       used 28990K, capacity 29379K, committed 29616K, reserved 1075200K
  class space    used 3655K, capacity 3795K, committed 3840K, reserved 1048576K
}
Event: 5.382 GC heap before
{Heap before GC invocations=4 (full 0):
 garbage-first heap   total 129024K, used 47089K [0x0000000082000000, 0x0000000100000000)
  region size 1024K, 39 young (39936K), 6 survivors (6144K)
 Metaspace       used 35329K, capacity 35725K, committed 35888K, reserved 1081344K
  class space    used 4239K, capacity 4415K, committed 4480K, reserved 1048576K
}
Event: 5.408 GC heap after
{Heap after GC invocations=5 (full 0):
 garbage-first heap   total 129024K, used 18577K [0x0000000082000000, 0x0000000100000000)
  region size 1024K, 4 young (4096K), 4 survivors (4096K)
 Metaspace       used 35329K, capacity 35725K, committed 35888K, reserved 1081344K
  class space    used 4239K, capacity 4415K, committed 4480K, reserved 1048576K
}
Event: 7.288 GC heap before
{Heap before GC invocations=6 (full 0):
 garbage-first heap   total 129024K, used 68753K [0x0000000082000000, 0x0000000100000000)
  region size 1024K, 52 young (53248K), 4 survivors (4096K)
 Metaspace       used 43267K, capacity 43809K, committed 43952K, reserved 1087488K
  class space    used 5150K, capacity 5364K, committed 5376K, reserved 1048576K
}
Event: 7.320 GC heap after
{Heap after GC invocations=7 (full 0):
 garbage-first heap   total 129024K, used 24576K [0x0000000082000000, 0x0000000100000000)
  region size 1024K, 7 young (7168K), 7 survivors (7168K)
 Metaspace       used 43267K, capacity 43809K, committed 43952K, reserved 1087488K
  class space    used 5150K, capacity 5364K, committed 5376K, reserved 1048576K
}
Event: 9.124 GC heap before
{Heap before GC invocations=7 (full 0):
 garbage-first heap   total 129024K, used 78848K [0x0000000082000000, 0x0000000100000000)
  region size 1024K, 59 young (60416K), 7 survivors (7168K)
 Metaspace       used 48063K, capacity 48598K, committed 48816K, reserved 1091584K
  class space    used 5607K, capacity 5831K, committed 5888K, reserved 1048576K
}
Event: 9.162 GC heap after
{Heap after GC invocations=8 (full 0):
 garbage-first heap   total 155648K, used 30421K [0x0000000082000000, 0x0000000100000000)
  region size 1024K, 8 young (8192K), 8 survivors (8192K)
 Metaspace       used 48063K, capacity 48598K, committed 48816K, reserved 1091584K
  class space    used 5607K, capacity 5831K, committed 5888K, reserved 1048576K
}
Event: 13.254 GC heap before
{Heap before GC invocations=8 (full 0):
 garbage-first heap   total 155648K, used 90837K [0x0000000082000000, 0x0000000100000000)
  region size 1024K, 68 young (69632K), 8 survivors (8192K)
 Metaspace       used 59367K, capacity 60085K, committed 60208K, reserved 1101824K
  class space    used 6875K, capacity 7212K, committed 7296K, reserved 1048576K
}
Event: 13.299 GC heap after
{Heap after GC invocations=9 (full 0):
 garbage-first heap   total 155648K, used 35840K [0x0000000082000000, 0x0000000100000000)
  region size 1024K, 9 young (9216K), 9 survivors (9216K)
 Metaspace       used 59367K, capacity 60085K, committed 60208K, reserved 1101824K
  class space    used 6875K, capacity 7212K, committed 7296K, reserved 1048576K
}

