# JRE version: Java(TM) SE Runtime Environment 18.9 (11.0.17+10) (build 11.0.17+10-LTS-269)
# Java VM: Java HotSpot(TM) 64-Bit Server VM 18.9 (11.0.17+10-LTS-269, mixed mode, tiered, compressed oops, g1 gc, windows-amd64)
Heap:
 garbage-first heap   total 262144K, used 74685K [0x00000000e0000000, 0x0000000100000000)
  region size 1024K, 29 young (29696K), 18 survivors (18432K)
 Metaspace       used 75583K, capacity 78362K, committed 78540K, reserved 452608K
  class space    used 10344K, capacity 11433K, committed 11520K, reserved 385024K
GC Heap History (10 events):
Event: 7.656 GC heap before
{Heap before GC invocations=7 (full 0):
 garbage-first heap   total 262144K, used 145087K [0x00000000e0000000, 0x0000000100000000)
  region size 1024K, 125 young (128000K), 6 survivors (6144K)
 Metaspace       used 46344K, capacity 47525K, committed 47744K, reserved 425984K
  class space    used 6187K, capacity 6670K, committed 6784K, reserved 385024K
}
Event: 7.673 GC heap after
{Heap after GC invocations=8 (full 0):
 garbage-first heap   total 262144K, used 30311K [0x00000000e0000000, 0x0000000100000000)
  region size 1024K, 12 young (12288K), 12 survivors (12288K)
 Metaspace       used 46344K, capacity 47525K, committed 47744K, reserved 425984K
  class space    used 6187K, capacity 6670K, committed 6784K, reserved 385024K
}
Event: 10.358 GC heap before
{Heap before GC invocations=8 (full 0):
 garbage-first heap   total 262144K, used 168551K [0x00000000e0000000, 0x0000000100000000)
  region size 1024K, 140 young (143360K), 12 survivors (12288K)
 Metaspace       used 56756K, capacity 58814K, committed 59008K, reserved 436224K
  class space    used 7688K, capacity 8512K, committed 8576K, reserved 385024K
}
Event: 10.383 GC heap after
{Heap after GC invocations=9 (full 0):
 garbage-first heap   total 262144K, used 34991K [0x00000000e0000000, 0x0000000100000000)
  region size 1024K, 12 young (12288K), 12 survivors (12288K)
 Metaspace       used 56756K, capacity 58814K, committed 59008K, reserved 436224K
  class space    used 7688K, capacity 8512K, committed 8576K, reserved 385024K
}
Event: 10.788 GC heap before
{Heap before GC invocations=9 (full 0):
 garbage-first heap   total 262144K, used 57519K [0x00000000e0000000, 0x0000000100000000)
  region size 1024K, 31 young (31744K), 12 survivors (12288K)
 Metaspace       used 57985K, capacity 60024K, committed 60160K, reserved 438272K
  class space    used 7865K, capacity 8701K, committed 8704K, reserved 385024K
}
Event: 10.807 GC heap after
{Heap after GC invocations=10 (full 0):
 garbage-first heap   total 262144K, used 40547K [0x00000000e0000000, 0x0000000100000000)
  region size 1024K, 7 young (7168K), 7 survivors (7168K)
 Metaspace       used 57985K, capacity 60024K, committed 60160K, reserved 438272K
  class space    used 7865K, capacity 8701K, committed 8704K, reserved 385024K
}
Event: 13.202 GC heap before
{Heap before GC invocations=11 (full 0):
 garbage-first heap   total 262144K, used 191075K [0x00000000e0000000, 0x0000000100000000)
  region size 1024K, 146 young (149504K), 7 survivors (7168K)
 Metaspace       used 68619K, capacity 70872K, committed 71116K, reserved 446464K
  class space    used 9276K, capacity 10201K, committed 10240K, reserved 385024K
}
Event: 13.214 GC heap after
{Heap after GC invocations=12 (full 0):
 garbage-first heap   total 262144K, used 54521K [0x00000000e0000000, 0x0000000100000000)
  region size 1024K, 13 young (13312K), 13 survivors (13312K)
 Metaspace       used 68619K, capacity 70872K, committed 71116K, reserved 446464K
  class space    used 9276K, capacity 10201K, committed 10240K, reserved 385024K
}
Event: 17.042 GC heap before
{Heap before GC invocations=12 (full 0):
 garbage-first heap   total 262144K, used 193785K [0x00000000e0000000, 0x0000000100000000)
  region size 1024K, 149 young (152576K), 13 survivors (13312K)
 Metaspace       used 74935K, capacity 77689K, committed 77900K, reserved 452608K
  class space    used 10238K, capacity 11356K, committed 11392K, reserved 385024K
}
Event: 17.069 GC heap after
{Heap after GC invocations=13 (full 0):
 garbage-first heap   total 262144K, used 64445K [0x00000000e0000000, 0x0000000100000000)
  region size 1024K, 18 young (18432K), 18 survivors (18432K)
 Metaspace       used 74935K, capacity 77689K, committed 77900K, reserved 452608K
  class space    used 10238K, capacity 11356K, committed 11392K, reserved 385024K
}

