# JRE version: Java(TM) SE Runtime Environment 18.9 (11.0.17+10) (build 11.0.17+10-LTS-269)
# Java VM: Java HotSpot(TM) 64-Bit Server VM 18.9 (11.0.17+10-LTS-269, mixed mode, tiered, compressed oops, g1 gc, windows-amd64)
Heap:
 garbage-first heap   total 262144K, used 159630K [0x00000000e0000000, 0x0000000100000000)
  region size 1024K, 116 young (118784K), 13 survivors (13312K)
 Metaspace       used 72094K, capacity 74538K, committed 74800K, reserved 450560K
  class space    used 9773K, capacity 10769K, committed 10880K, reserved 385024K
GC Heap History (10 events):
Event: 5.192 GC heap before
{Heap before GC invocations=4 (full 0):
 garbage-first heap   total 262144K, used 106675K [0x00000000e0000000, 0x0000000100000000)
  region size 1024K, 88 young (90112K), 3 survivors (3072K)
 Metaspace       used 34920K, capacity 35816K, committed 35888K, reserved 417792K
  class space    used 4614K, capacity 4968K, committed 4992K, reserved 385024K
}
Event: 5.202 GC heap after
{Heap after GC invocations=5 (full 0):
 garbage-first heap   total 262144K, used 23775K [0x00000000e0000000, 0x0000000100000000)
  region size 1024K, 6 young (6144K), 6 survivors (6144K)
 Metaspace       used 34920K, capacity 35816K, committed 35888K, reserved 417792K
  class space    used 4614K, capacity 4968K, committed 4992K, reserved 385024K
}
Event: 7.110 GC heap before
{Heap before GC invocations=6 (full 0):
 garbage-first heap   total 262144K, used 140511K [0x00000000e0000000, 0x0000000100000000)
  region size 1024K, 121 young (123904K), 6 survivors (6144K)
 Metaspace       used 45946K, capacity 47157K, committed 47280K, reserved 425984K
  class space    used 6128K, capacity 6632K, committed 6656K, reserved 385024K
}
Event: 7.124 GC heap after
{Heap after GC invocations=7 (full 0):
 garbage-first heap   total 262144K, used 30170K [0x00000000e0000000, 0x0000000100000000)
  region size 1024K, 12 young (12288K), 12 survivors (12288K)
 Metaspace       used 45946K, capacity 47157K, committed 47280K, reserved 425984K
  class space    used 6128K, capacity 6632K, committed 6656K, reserved 385024K
}
Event: 9.703 GC heap before
{Heap before GC invocations=7 (full 0):
 garbage-first heap   total 262144K, used 174554K [0x00000000e0000000, 0x0000000100000000)
  region size 1024K, 146 young (149504K), 12 survivors (12288K)
 Metaspace       used 56809K, capacity 58806K, committed 58928K, reserved 436224K
  class space    used 7679K, capacity 8487K, committed 8576K, reserved 385024K
}
Event: 9.729 GC heap after
{Heap after GC invocations=8 (full 0):
 garbage-first heap   total 262144K, used 34779K [0x00000000e0000000, 0x0000000100000000)
  region size 1024K, 12 young (12288K), 12 survivors (12288K)
 Metaspace       used 56809K, capacity 58806K, committed 58928K, reserved 436224K
  class space    used 7679K, capacity 8487K, committed 8576K, reserved 385024K
}
Event: 10.365 GC heap before
{Heap before GC invocations=8 (full 0):
 garbage-first heap   total 262144K, used 57307K [0x00000000e0000000, 0x0000000100000000)
  region size 1024K, 31 young (31744K), 12 survivors (12288K)
 Metaspace       used 58092K, capacity 60114K, committed 60240K, reserved 438272K
  class space    used 7869K, capacity 8720K, committed 8832K, reserved 385024K
}
Event: 10.384 GC heap after
{Heap after GC invocations=9 (full 0):
 garbage-first heap   total 262144K, used 39819K [0x00000000e0000000, 0x0000000100000000)
  region size 1024K, 6 young (6144K), 6 survivors (6144K)
 Metaspace       used 58092K, capacity 60114K, committed 60240K, reserved 438272K
  class space    used 7869K, capacity 8720K, committed 8832K, reserved 385024K
}
Event: 14.657 GC heap before
{Heap before GC invocations=10 (full 0):
 garbage-first heap   total 262144K, used 198539K [0x00000000e0000000, 0x0000000100000000)
  region size 1024K, 153 young (156672K), 6 survivors (6144K)
 Metaspace       used 69385K, capacity 71634K, committed 71728K, reserved 446464K
  class space    used 9381K, capacity 10300K, committed 10368K, reserved 385024K
}
Event: 14.679 GC heap after
{Heap after GC invocations=11 (full 0):
 garbage-first heap   total 262144K, used 55182K [0x00000000e0000000, 0x0000000100000000)
  region size 1024K, 13 young (13312K), 13 survivors (13312K)
 Metaspace       used 69385K, capacity 71634K, committed 71728K, reserved 446464K
  class space    used 9381K, capacity 10300K, committed 10368K, reserved 385024K
}

