# JRE version: Java(TM) SE Runtime Environment 18.9 (11.0.17+10) (build 11.0.17+10-LTS-269)
# Java VM: Java HotSpot(TM) 64-Bit Server VM 18.9 (11.0.17+10-LTS-269, mixed mode, tiered, compressed oops, g1 gc, windows-amd64)
Heap:
 garbage-first heap   total 262144K, used 26908K [0x00000000e0000000, 0x0000000100000000)
  region size 1024K, 10 young (10240K), 5 survivors (5120K)
 Metaspace       used 34005K, capacity 34921K, committed 35196K, reserved 415744K
  class space    used 4563K, capacity 4929K, committed 5068K, reserved 385024K
GC Heap History (8 events):
Event: 0.806 GC heap before
{Heap before GC invocations=0 (full 0):
 garbage-first heap   total 262144K, used 27648K [0x00000000e0000000, 0x0000000100000000)
  region size 1024K, 24 young (24576K), 0 survivors (0K)
 Metaspace       used 9963K, capacity 10197K, committed 10368K, reserved 395264K
  class space    used 1014K, capacity 1081K, committed 1152K, reserved 385024K
}
Event: 0.830 GC heap after
{Heap after GC invocations=1 (full 0):
 garbage-first heap   total 262144K, used 10808K [0x00000000e0000000, 0x0000000100000000)
  region size 1024K, 3 young (3072K), 3 survivors (3072K)
 Metaspace       used 9963K, capacity 10197K, committed 10368K, reserved 395264K
  class space    used 1014K, capacity 1081K, committed 1152K, reserved 385024K
}
Event: 6.372 GC heap before
{Heap before GC invocations=1 (full 0):
 garbage-first heap   total 262144K, used 110136K [0x00000000e0000000, 0x0000000100000000)
  region size 1024K, 100 young (102400K), 3 survivors (3072K)
 Metaspace       used 20714K, capacity 21167K, committed 21296K, reserved 405504K
  class space    used 2500K, capacity 2665K, committed 2688K, reserved 385024K
}
Event: 6.387 GC heap after
{Heap after GC invocations=2 (full 0):
 garbage-first heap   total 262144K, used 18365K [0x00000000e0000000, 0x0000000100000000)
  region size 1024K, 11 young (11264K), 11 survivors (11264K)
 Metaspace       used 20714K, capacity 21167K, committed 21296K, reserved 405504K
  class space    used 2500K, capacity 2665K, committed 2688K, reserved 385024K
}
Event: 7.602 GC heap before
{Heap before GC invocations=3 (full 0):
 garbage-first heap   total 262144K, used 57277K [0x00000000e0000000, 0x0000000100000000)
  region size 1024K, 50 young (51200K), 11 survivors (11264K)
 Metaspace       used 24376K, capacity 25009K, committed 25084K, reserved 407552K
  class space    used 3090K, capacity 3334K, committed 3404K, reserved 385024K
}
Event: 7.615 GC heap after
{Heap after GC invocations=4 (full 0):
 garbage-first heap   total 262144K, used 19924K [0x00000000e0000000, 0x0000000100000000)
  region size 1024K, 2 young (2048K), 2 survivors (2048K)
 Metaspace       used 24376K, capacity 25009K, committed 25084K, reserved 407552K
  class space    used 3090K, capacity 3334K, committed 3404K, reserved 385024K
}
Event: 9.876 GC heap before
{Heap before GC invocations=4 (full 0):
 garbage-first heap   total 262144K, used 126420K [0x00000000e0000000, 0x0000000100000000)
  region size 1024K, 106 young (108544K), 2 survivors (2048K)
 Metaspace       used 33478K, capacity 34269K, committed 34428K, reserved 415744K
  class space    used 4484K, capacity 4795K, committed 4812K, reserved 385024K
}
Event: 9.883 GC heap after
{Heap after GC invocations=5 (full 0):
 garbage-first heap   total 262144K, used 22812K [0x00000000e0000000, 0x0000000100000000)
  region size 1024K, 5 young (5120K), 5 survivors (5120K)
 Metaspace       used 33478K, capacity 34269K, committed 34428K, reserved 415744K
  class space    used 4484K, capacity 4795K, committed 4812K, reserved 385024K
}

