# JRE version: Java(TM) SE Runtime Environment (17.0.11+7) (build 17.0.11+7-LTS-207)
# Java VM: Java HotSpot(TM) 64-Bit Server VM (17.0.11+7-LTS-207, mixed mode, sharing, tiered, compressed oops, compressed class ptrs, g1 gc, windows-amd64)
GC Precious Log:
 CPUs: 8 total, 8 available
 Memory: 8058M
 Large Page Support: Disabled
 NUMA Support: Disabled
 Compressed Oops: Enabled (32-bit)
 Heap Region Size: 1M
 Heap Min Capacity: 256M
 Heap Initial Capacity: 256M
 Heap Max Capacity: 512M
 Pre-touch: Disabled
 Parallel Workers: 8
 Concurrent Workers: 2
 Concurrent Refinement Workers: 8
 Periodic GC: Disabled
Heap:
 garbage-first heap   total 262144K, used 117258K [0x00000000e0000000, 0x0000000100000000)
  region size 1024K, 83 young (84992K), 9 survivors (9216K)
 Metaspace       used 54701K, committed 55168K, reserved 278528K
  class space    used 7652K, committed 7872K, reserved 212992K
GC Heap History (14 events):
Event: 0.742 GC heap before
{Heap before GC invocations=0 (full 0):
 garbage-first heap   total 262144K, used 28672K [0x00000000e0000000, 0x0000000100000000)
  region size 1024K, 23 young (23552K), 0 survivors (0K)
 Metaspace       used 2962K, committed 3136K, reserved 278528K
  class space    used 380K, committed 448K, reserved 212992K
}
Event: 0.749 GC heap after
{Heap after GC invocations=1 (full 0):
 garbage-first heap   total 262144K, used 9227K [0x00000000e0000000, 0x0000000100000000)
  region size 1024K, 3 young (3072K), 3 survivors (3072K)
 Metaspace       used 2962K, committed 3136K, reserved 278528K
  class space    used 380K, committed 448K, reserved 212992K
}
Event: 1.485 GC heap before
{Heap before GC invocations=1 (full 0):
 garbage-first heap   total 262144K, used 37899K [0x00000000e0000000, 0x0000000100000000)
  region size 1024K, 31 young (31744K), 3 survivors (3072K)
 Metaspace       used 3893K, committed 4096K, reserved 278528K
  class space    used 477K, committed 576K, reserved 212992K
}
Event: 1.491 GC heap after
{Heap after GC invocations=2 (full 0):
 garbage-first heap   total 262144K, used 13536K [0x00000000e0000000, 0x0000000100000000)
  region size 1024K, 4 young (4096K), 4 survivors (4096K)
 Metaspace       used 3893K, committed 4096K, reserved 278528K
  class space    used 477K, committed 576K, reserved 212992K
}
Event: 4.390 GC heap before
{Heap before GC invocations=2 (full 0):
 garbage-first heap   total 262144K, used 115936K [0x00000000e0000000, 0x0000000100000000)
  region size 1024K, 105 young (107520K), 4 survivors (4096K)
 Metaspace       used 21294K, committed 21504K, reserved 278528K
  class space    used 3155K, committed 3264K, reserved 212992K
}
Event: 4.407 GC heap after
{Heap after GC invocations=3 (full 0):
 garbage-first heap   total 262144K, used 21147K [0x00000000e0000000, 0x0000000100000000)
  region size 1024K, 12 young (12288K), 12 survivors (12288K)
 Metaspace       used 21294K, committed 21504K, reserved 278528K
  class space    used 3155K, committed 3264K, reserved 212992K
}
Event: 6.350 GC heap before
{Heap before GC invocations=4 (full 0):
 garbage-first heap   total 262144K, used 122523K [0x00000000e0000000, 0x0000000100000000)
  region size 1024K, 109 young (111616K), 12 survivors (12288K)
 Metaspace       used 35619K, committed 35968K, reserved 278528K
  class space    used 4876K, committed 5056K, reserved 212992K
}
Event: 6.363 GC heap after
{Heap after GC invocations=5 (full 0):
 garbage-first heap   total 262144K, used 29630K [0x00000000e0000000, 0x0000000100000000)
  region size 1024K, 16 young (16384K), 16 survivors (16384K)
 Metaspace       used 35619K, committed 35968K, reserved 278528K
  class space    used 4876K, committed 5056K, reserved 212992K
}
Event: 6.380 GC heap before
{Heap before GC invocations=5 (full 0):
 garbage-first heap   total 262144K, used 30654K [0x00000000e0000000, 0x0000000100000000)
  region size 1024K, 17 young (17408K), 16 survivors (16384K)
 Metaspace       used 35749K, committed 36096K, reserved 278528K
  class space    used 4895K, committed 5056K, reserved 212992K
}
Event: 6.394 GC heap after
{Heap after GC invocations=6 (full 0):
 garbage-first heap   total 262144K, used 30177K [0x00000000e0000000, 0x0000000100000000)
  region size 1024K, 2 young (2048K), 2 survivors (2048K)
 Metaspace       used 35749K, committed 36096K, reserved 278528K
  class space    used 4895K, committed 5056K, reserved 212992K
}
Event: 6.415 GC heap before
{Heap before GC invocations=6 (full 0):
 garbage-first heap   total 262144K, used 31201K [0x00000000e0000000, 0x0000000100000000)
  region size 1024K, 4 young (4096K), 2 survivors (2048K)
 Metaspace       used 35963K, committed 36288K, reserved 278528K
  class space    used 4924K, committed 5056K, reserved 212992K
}
Event: 6.416 GC heap after
{Heap after GC invocations=7 (full 0):
 garbage-first heap   total 262144K, used 28751K [0x00000000e0000000, 0x0000000100000000)
  region size 1024K, 1 young (1024K), 1 survivors (1024K)
 Metaspace       used 35963K, committed 36288K, reserved 278528K
  class space    used 4924K, committed 5056K, reserved 212992K
}
Event: 10.057 GC heap before
{Heap before GC invocations=8 (full 0):
 garbage-first heap   total 262144K, used 190543K [0x00000000e0000000, 0x0000000100000000)
  region size 1024K, 153 young (156672K), 1 survivors (1024K)
 Metaspace       used 51674K, committed 52096K, reserved 278528K
  class space    used 7183K, committed 7360K, reserved 212992K
}
Event: 10.066 GC heap after
{Heap after GC invocations=9 (full 0):
 garbage-first heap   total 262144K, used 42506K [0x00000000e0000000, 0x0000000100000000)
  region size 1024K, 9 young (9216K), 9 survivors (9216K)
 Metaspace       used 51674K, committed 52096K, reserved 278528K
  class space    used 7183K, committed 7360K, reserved 212992K
}

