# JRE version: Java(TM) SE Runtime Environment (17.0.11+7) (build 17.0.11+7-LTS-207)
# Java VM: Java HotSpot(TM) 64-Bit Server VM (17.0.11+7-LTS-207, mixed mode, sharing, tiered, compressed oops, compressed class ptrs, g1 gc, windows-amd64)
GC Precious Log:
 CPUs: 8 total, 8 available
 Memory: 8058M
 Large Page Support: Disabled
 NUMA Support: Disabled
 Compressed Oops: Enabled (32-bit)
 Heap Region Size: 1M
 Heap Min Capacity: 8M
 Heap Initial Capacity: 126M
 Heap Max Capacity: 2016M
 Pre-touch: Disabled
 Parallel Workers: 8
 Concurrent Workers: 2
 Concurrent Refinement Workers: 8
 Periodic GC: Disabled
Heap:
 garbage-first heap   total 89088K, used 52398K [0x0000000082000000, 0x0000000100000000)
  region size 1024K, 14 young (14336K), 3 survivors (3072K)
 Metaspace       used 47043K, committed 47360K, reserved 1114112K
  class space    used 5507K, committed 5696K, reserved 1048576K
GC Heap History (20 events):
Event: 2.019 GC heap before
{Heap before GC invocations=2 (full 0):
 garbage-first heap   total 129024K, used 48097K [0x0000000082000000, 0x0000000100000000)
  region size 1024K, 41 young (41984K), 4 survivors (4096K)
 Metaspace       used 21309K, committed 21504K, reserved 1114112K
  class space    used 2895K, committed 3008K, reserved 1048576K
}
Event: 2.032 GC heap after
{Heap after GC invocations=3 (full 0):
 garbage-first heap   total 129024K, used 16367K [0x0000000082000000, 0x0000000100000000)
  region size 1024K, 10 young (10240K), 10 survivors (10240K)
 Metaspace       used 21309K, committed 21504K, reserved 1114112K
  class space    used 2895K, committed 3008K, reserved 1048576K
}
Event: 2.804 GC heap before
{Heap before GC invocations=4 (full 0):
 garbage-first heap   total 61440K, used 42991K [0x0000000082000000, 0x0000000100000000)
  region size 1024K, 36 young (36864K), 10 survivors (10240K)
 Metaspace       used 26177K, committed 26368K, reserved 1114112K
  class space    used 3425K, committed 3520K, reserved 1048576K
}
Event: 2.833 GC heap after
{Heap after GC invocations=5 (full 0):
 garbage-first heap   total 61440K, used 19806K [0x0000000082000000, 0x0000000100000000)
  region size 1024K, 4 young (4096K), 4 survivors (4096K)
 Metaspace       used 26177K, committed 26368K, reserved 1114112K
  class space    used 3425K, committed 3520K, reserved 1048576K
}
Event: 3.622 GC heap before
{Heap before GC invocations=5 (full 0):
 garbage-first heap   total 61440K, used 42334K [0x0000000082000000, 0x0000000100000000)
  region size 1024K, 27 young (27648K), 4 survivors (4096K)
 Metaspace       used 31286K, committed 31488K, reserved 1114112K
  class space    used 3899K, committed 3968K, reserved 1048576K
}
Event: 3.643 GC heap after
{Heap after GC invocations=6 (full 0):
 garbage-first heap   total 61440K, used 22291K [0x0000000082000000, 0x0000000100000000)
  region size 1024K, 3 young (3072K), 3 survivors (3072K)
 Metaspace       used 31286K, committed 31488K, reserved 1114112K
  class space    used 3899K, committed 3968K, reserved 1048576K
}
Event: 4.452 GC heap before
{Heap before GC invocations=6 (full 0):
 garbage-first heap   total 61440K, used 43795K [0x0000000082000000, 0x0000000100000000)
  region size 1024K, 25 young (25600K), 3 survivors (3072K)
 Metaspace       used 35569K, committed 35776K, reserved 1114112K
  class space    used 4410K, committed 4480K, reserved 1048576K
}
Event: 4.469 GC heap after
{Heap after GC invocations=7 (full 0):
 garbage-first heap   total 73728K, used 24838K [0x0000000082000000, 0x0000000100000000)
  region size 1024K, 4 young (4096K), 4 survivors (4096K)
 Metaspace       used 35569K, committed 35776K, reserved 1114112K
  class space    used 4410K, committed 4480K, reserved 1048576K
}
Event: 4.539 GC heap before
{Heap before GC invocations=7 (full 0):
 garbage-first heap   total 73728K, used 25862K [0x0000000082000000, 0x0000000100000000)
  region size 1024K, 6 young (6144K), 4 survivors (4096K)
 Metaspace       used 35869K, committed 36096K, reserved 1114112K
  class space    used 4443K, committed 4544K, reserved 1048576K
}
Event: 4.550 GC heap after
{Heap after GC invocations=8 (full 0):
 garbage-first heap   total 73728K, used 25694K [0x0000000082000000, 0x0000000100000000)
  region size 1024K, 1 young (1024K), 1 survivors (1024K)
 Metaspace       used 35869K, committed 36096K, reserved 1114112K
  class space    used 4443K, committed 4544K, reserved 1048576K
}
Event: 5.182 GC heap before
{Heap before GC invocations=9 (full 0):
 garbage-first heap   total 73728K, used 55390K [0x0000000082000000, 0x0000000100000000)
  region size 1024K, 29 young (29696K), 1 survivors (1024K)
 Metaspace       used 38108K, committed 38400K, reserved 1114112K
  class space    used 4674K, committed 4864K, reserved 1048576K
}
Event: 5.191 GC heap after
{Heap after GC invocations=10 (full 0):
 garbage-first heap   total 73728K, used 27521K [0x0000000082000000, 0x0000000100000000)
  region size 1024K, 3 young (3072K), 3 survivors (3072K)
 Metaspace       used 38108K, committed 38400K, reserved 1114112K
  class space    used 4674K, committed 4864K, reserved 1048576K
}
Event: 5.679 GC heap before
{Heap before GC invocations=10 (full 0):
 garbage-first heap   total 73728K, used 55169K [0x0000000082000000, 0x0000000100000000)
  region size 1024K, 30 young (30720K), 3 survivors (3072K)
 Metaspace       used 39680K, committed 40000K, reserved 1114112K
  class space    used 4853K, committed 4992K, reserved 1048576K
}
Event: 5.691 GC heap after
{Heap after GC invocations=11 (full 0):
 garbage-first heap   total 73728K, used 29721K [0x0000000082000000, 0x0000000100000000)
  region size 1024K, 3 young (3072K), 3 survivors (3072K)
 Metaspace       used 39680K, committed 40000K, reserved 1114112K
  class space    used 4853K, committed 4992K, reserved 1048576K
}
Event: 6.672 GC heap before
{Heap before GC invocations=11 (full 0):
 garbage-first heap   total 73728K, used 57369K [0x0000000082000000, 0x0000000100000000)
  region size 1024K, 29 young (29696K), 3 survivors (3072K)
 Metaspace       used 43182K, committed 43520K, reserved 1114112K
  class space    used 5199K, committed 5376K, reserved 1048576K
}
Event: 6.691 GC heap after
{Heap after GC invocations=12 (full 0):
 garbage-first heap   total 73728K, used 35037K [0x0000000082000000, 0x0000000100000000)
  region size 1024K, 4 young (4096K), 4 survivors (4096K)
 Metaspace       used 43182K, committed 43520K, reserved 1114112K
  class space    used 5199K, committed 5376K, reserved 1048576K
}
Event: 7.267 GC heap before
{Heap before GC invocations=12 (full 0):
 garbage-first heap   total 73728K, used 56541K [0x0000000082000000, 0x0000000100000000)
  region size 1024K, 25 young (25600K), 4 survivors (4096K)
 Metaspace       used 43927K, committed 44224K, reserved 1114112K
  class space    used 5234K, committed 5376K, reserved 1048576K
}
Event: 7.290 GC heap after
{Heap after GC invocations=13 (full 0):
 garbage-first heap   total 89088K, used 39403K [0x0000000082000000, 0x0000000100000000)
  region size 1024K, 4 young (4096K), 4 survivors (4096K)
 Metaspace       used 43927K, committed 44224K, reserved 1114112K
  class space    used 5234K, committed 5376K, reserved 1048576K
}
Event: 8.456 GC heap before
{Heap before GC invocations=13 (full 0):
 garbage-first heap   total 89088K, used 68075K [0x0000000082000000, 0x0000000100000000)
  region size 1024K, 32 young (32768K), 4 survivors (4096K)
 Metaspace       used 46329K, committed 46656K, reserved 1114112K
  class space    used 5481K, committed 5632K, reserved 1048576K
}
Event: 8.480 GC heap after
{Heap after GC invocations=14 (full 0):
 garbage-first heap   total 89088K, used 42158K [0x0000000082000000, 0x0000000100000000)
  region size 1024K, 3 young (3072K), 3 survivors (3072K)
 Metaspace       used 46329K, committed 46656K, reserved 1114112K
  class space    used 5481K, committed 5632K, reserved 1048576K
}

