# JRE version: Java(TM) SE Runtime Environment (17.0.11+7) (build 17.0.11+7-LTS-207)
# Java VM: Java HotSpot(TM) 64-Bit Server VM (17.0.11+7-LTS-207, mixed mode, sharing, tiered, compressed oops, compressed class ptrs, g1 gc, windows-amd64)
GC Precious Log:
 CPUs: 8 total, 8 available
 Memory: 8058M
 Large Page Support: Disabled
 NUMA Support: Disabled
 Compressed Oops: Enabled (32-bit)
 Heap Region Size: 1M
 Heap Min Capacity: 256M
 Heap Initial Capacity: 256M
 Heap Max Capacity: 512M
 Pre-touch: Disabled
 Parallel Workers: 8
 Concurrent Workers: 2
 Concurrent Refinement Workers: 8
 Periodic GC: Disabled
Heap:
 garbage-first heap   total 262144K, used 114672K [0x00000000e0000000, 0x0000000100000000)
  region size 1024K, 72 young (73728K), 1 survivors (1024K)
 Metaspace       used 54374K, committed 54848K, reserved 278528K
  class space    used 7591K, committed 7808K, reserved 212992K
GC Heap History (16 events):
Event: 0.803 GC heap before
{Heap before GC invocations=0 (full 0):
 garbage-first heap   total 262144K, used 28672K [0x00000000e0000000, 0x0000000100000000)
  region size 1024K, 23 young (23552K), 0 survivors (0K)
 Metaspace       used 2968K, committed 3136K, reserved 278528K
  class space    used 380K, committed 448K, reserved 212992K
}
Event: 0.810 GC heap after
{Heap after GC invocations=1 (full 0):
 garbage-first heap   total 262144K, used 9057K [0x00000000e0000000, 0x0000000100000000)
  region size 1024K, 3 young (3072K), 3 survivors (3072K)
 Metaspace       used 2968K, committed 3136K, reserved 278528K
  class space    used 380K, committed 448K, reserved 212992K
}
Event: 1.519 GC heap before
{Heap before GC invocations=1 (full 0):
 garbage-first heap   total 262144K, used 36705K [0x00000000e0000000, 0x0000000100000000)
  region size 1024K, 30 young (30720K), 3 survivors (3072K)
 Metaspace       used 3893K, committed 4096K, reserved 278528K
  class space    used 476K, committed 576K, reserved 212992K
}
Event: 1.525 GC heap after
{Heap after GC invocations=2 (full 0):
 garbage-first heap   total 262144K, used 13396K [0x00000000e0000000, 0x0000000100000000)
  region size 1024K, 4 young (4096K), 4 survivors (4096K)
 Metaspace       used 3893K, committed 4096K, reserved 278528K
  class space    used 476K, committed 576K, reserved 212992K
}
Event: 4.436 GC heap before
{Heap before GC invocations=2 (full 0):
 garbage-first heap   total 262144K, used 114772K [0x00000000e0000000, 0x0000000100000000)
  region size 1024K, 104 young (106496K), 4 survivors (4096K)
 Metaspace       used 21286K, committed 21504K, reserved 278528K
  class space    used 3154K, committed 3264K, reserved 212992K
}
Event: 4.452 GC heap after
{Heap after GC invocations=3 (full 0):
 garbage-first heap   total 262144K, used 20849K [0x00000000e0000000, 0x0000000100000000)
  region size 1024K, 12 young (12288K), 12 survivors (12288K)
 Metaspace       used 21286K, committed 21504K, reserved 278528K
  class space    used 3154K, committed 3264K, reserved 212992K
}
Event: 6.662 GC heap before
{Heap before GC invocations=4 (full 0):
 garbage-first heap   total 262144K, used 122225K [0x00000000e0000000, 0x0000000100000000)
  region size 1024K, 109 young (111616K), 12 survivors (12288K)
 Metaspace       used 35606K, committed 35968K, reserved 278528K
  class space    used 4877K, committed 5056K, reserved 212992K
}
Event: 6.683 GC heap after
{Heap after GC invocations=5 (full 0):
 garbage-first heap   total 262144K, used 29284K [0x00000000e0000000, 0x0000000100000000)
  region size 1024K, 16 young (16384K), 16 survivors (16384K)
 Metaspace       used 35606K, committed 35968K, reserved 278528K
  class space    used 4877K, committed 5056K, reserved 212992K
}
Event: 6.713 GC heap before
{Heap before GC invocations=5 (full 0):
 garbage-first heap   total 262144K, used 30308K [0x00000000e0000000, 0x0000000100000000)
  region size 1024K, 17 young (17408K), 16 survivors (16384K)
 Metaspace       used 35740K, committed 36096K, reserved 278528K
  class space    used 4896K, committed 5056K, reserved 212992K
}
Event: 6.731 GC heap after
{Heap after GC invocations=6 (full 0):
 garbage-first heap   total 262144K, used 29881K [0x00000000e0000000, 0x0000000100000000)
  region size 1024K, 2 young (2048K), 2 survivors (2048K)
 Metaspace       used 35740K, committed 36096K, reserved 278528K
  class space    used 4896K, committed 5056K, reserved 212992K
}
Event: 6.782 GC heap before
{Heap before GC invocations=6 (full 0):
 garbage-first heap   total 262144K, used 30905K [0x00000000e0000000, 0x0000000100000000)
  region size 1024K, 4 young (4096K), 2 survivors (2048K)
 Metaspace       used 35948K, committed 36288K, reserved 278528K
  class space    used 4923K, committed 5056K, reserved 212992K
}
Event: 6.784 GC heap after
{Heap after GC invocations=7 (full 0):
 garbage-first heap   total 262144K, used 28552K [0x00000000e0000000, 0x0000000100000000)
  region size 1024K, 1 young (1024K), 1 survivors (1024K)
 Metaspace       used 35948K, committed 36288K, reserved 278528K
  class space    used 4923K, committed 5056K, reserved 212992K
}
Event: 10.122 GC heap before
{Heap before GC invocations=8 (full 0):
 garbage-first heap   total 262144K, used 184200K [0x00000000e0000000, 0x0000000100000000)
  region size 1024K, 147 young (150528K), 1 survivors (1024K)
 Metaspace       used 51473K, committed 51968K, reserved 278528K
  class space    used 7154K, committed 7360K, reserved 212992K
}
Event: 10.134 GC heap after
{Heap after GC invocations=9 (full 0):
 garbage-first heap   total 262144K, used 42348K [0x00000000e0000000, 0x0000000100000000)
  region size 1024K, 9 young (9216K), 9 survivors (9216K)
 Metaspace       used 51473K, committed 51968K, reserved 278528K
  class space    used 7154K, committed 7360K, reserved 212992K
}
Event: 10.275 GC heap before
{Heap before GC invocations=9 (full 0):
 garbage-first heap   total 262144K, used 45420K [0x00000000e0000000, 0x0000000100000000)
  region size 1024K, 12 young (12288K), 9 survivors (9216K)
 Metaspace       used 51829K, committed 52288K, reserved 278528K
  class space    used 7201K, committed 7424K, reserved 212992K
}
Event: 10.286 GC heap after
{Heap after GC invocations=10 (full 0):
 garbage-first heap   total 262144K, used 42992K [0x00000000e0000000, 0x0000000100000000)
  region size 1024K, 1 young (1024K), 1 survivors (1024K)
 Metaspace       used 51829K, committed 52288K, reserved 278528K
  class space    used 7201K, committed 7424K, reserved 212992K
}

