# JRE version: Java(TM) SE Runtime Environment 18.9 (11.0.17+10) (build 11.0.17+10-LTS-269)
# Java VM: Java HotSpot(TM) 64-Bit Server VM 18.9 (11.0.17+10-LTS-269, mixed mode, tiered, compressed oops, g1 gc, windows-amd64)
Heap:
 garbage-first heap   total 262144K, used 64915K [0x00000000e0000000, 0x0000000100000000)
  region size 1024K, 42 young (43008K), 11 survivors (11264K)
 Metaspace       used 57896K, capacity 59265K, committed 59392K, reserved 436224K
  class space    used 7514K, capacity 8122K, committed 8192K, reserved 385024K
GC Heap History (10 events):
Event: 3.516 GC heap before
{Heap before GC invocations=2 (full 0):
 garbage-first heap   total 262144K, used 45341K [0x00000000e0000000, 0x0000000100000000)
  region size 1024K, 37 young (37888K), 9 survivors (9216K)
 Metaspace       used 20696K, capacity 21167K, committed 21296K, reserved 405504K
  class space    used 2502K, capacity 2665K, committed 2688K, reserved 385024K
}
Event: 3.524 GC heap after
{Heap after GC invocations=3 (full 0):
 garbage-first heap   total 262144K, used 18440K [0x00000000e0000000, 0x0000000100000000)
  region size 1024K, 2 young (2048K), 2 survivors (2048K)
 Metaspace       used 20696K, capacity 21167K, committed 21296K, reserved 405504K
  class space    used 2502K, capacity 2665K, committed 2688K, reserved 385024K
}
Event: 4.232 GC heap before
{Heap before GC invocations=4 (full 0):
 garbage-first heap   total 262144K, used 87048K [0x00000000e0000000, 0x0000000100000000)
  region size 1024K, 69 young (70656K), 2 survivors (2048K)
 Metaspace       used 26279K, capacity 26993K, committed 27264K, reserved 409600K
  class space    used 3412K, capacity 3677K, committed 3712K, reserved 385024K
}
Event: 4.238 GC heap after
{Heap after GC invocations=5 (full 0):
 garbage-first heap   total 262144K, used 20537K [0x00000000e0000000, 0x0000000100000000)
  region size 1024K, 4 young (4096K), 4 survivors (4096K)
 Metaspace       used 26279K, capacity 26993K, committed 27264K, reserved 409600K
  class space    used 3412K, capacity 3677K, committed 3712K, reserved 385024K
}
Event: 5.841 GC heap before
{Heap before GC invocations=5 (full 0):
 garbage-first heap   total 262144K, used 105529K [0x00000000e0000000, 0x0000000100000000)
  region size 1024K, 89 young (91136K), 4 survivors (4096K)
 Metaspace       used 35103K, capacity 35927K, committed 35968K, reserved 417792K
  class space    used 4630K, capacity 4965K, committed 4992K, reserved 385024K
}
Event: 5.855 GC heap after
{Heap after GC invocations=6 (full 0):
 garbage-first heap   total 262144K, used 23790K [0x00000000e0000000, 0x0000000100000000)
  region size 1024K, 7 young (7168K), 7 survivors (7168K)
 Metaspace       used 35103K, capacity 35927K, committed 35968K, reserved 417792K
  class space    used 4630K, capacity 4965K, committed 4992K, reserved 385024K
}
Event: 7.732 GC heap before
{Heap before GC invocations=7 (full 0):
 garbage-first heap   total 262144K, used 153838K [0x00000000e0000000, 0x0000000100000000)
  region size 1024K, 133 young (136192K), 7 survivors (7168K)
 Metaspace       used 49937K, capacity 51233K, committed 51328K, reserved 430080K
  class space    used 6541K, capacity 7030K, committed 7040K, reserved 385024K
}
Event: 7.752 GC heap after
{Heap after GC invocations=8 (full 0):
 garbage-first heap   total 262144K, used 31457K [0x00000000e0000000, 0x0000000100000000)
  region size 1024K, 14 young (14336K), 14 survivors (14336K)
 Metaspace       used 49937K, capacity 51233K, committed 51328K, reserved 430080K
  class space    used 6541K, capacity 7030K, committed 7040K, reserved 385024K
}
Event: 9.702 GC heap before
{Heap before GC invocations=8 (full 0):
 garbage-first heap   total 262144K, used 175841K [0x00000000e0000000, 0x0000000100000000)
  region size 1024K, 151 young (154624K), 14 survivors (14336K)
 Metaspace       used 54055K, capacity 55410K, committed 55552K, reserved 434176K
  class space    used 7040K, capacity 7609K, committed 7680K, reserved 385024K
}
Event: 9.718 GC heap after
{Heap after GC invocations=9 (full 0):
 garbage-first heap   total 262144K, used 34195K [0x00000000e0000000, 0x0000000100000000)
  region size 1024K, 11 young (11264K), 11 survivors (11264K)
 Metaspace       used 54055K, capacity 55410K, committed 55552K, reserved 434176K
  class space    used 7040K, capacity 7609K, committed 7680K, reserved 385024K
}

