# JRE version: Java(TM) SE Runtime Environment (17.0.11+7) (build 17.0.11+7-LTS-207)
# Java VM: Java HotSpot(TM) 64-Bit Server VM (17.0.11+7-LTS-207, mixed mode, sharing, tiered, compressed oops, compressed class ptrs, g1 gc, windows-amd64)
GC Precious Log:
 CPUs: 8 total, 8 available
 Memory: 8058M
 Large Page Support: Disabled
 NUMA Support: Disabled
 Compressed Oops: Enabled (32-bit)
 Heap Region Size: 1M
 Heap Min Capacity: 256M
 Heap Initial Capacity: 256M
 Heap Max Capacity: 512M
 Pre-touch: Disabled
 Parallel Workers: 8
 Concurrent Workers: 2
 Concurrent Refinement Workers: 8
 Periodic GC: Disabled
Heap:
 garbage-first heap   total 262144K, used 157371K [0x00000000e0000000, 0x0000000100000000)
  region size 1024K, 99 young (101376K), 5 survivors (5120K)
 Metaspace       used 65427K, committed 65984K, reserved 278528K
  class space    used 8855K, committed 9152K, reserved 212992K
GC Heap History (20 events):
Event: 6.815 GC heap before
{Heap before GC invocations=2 (full 0):
 garbage-first heap   total 262144K, used 114631K [0x00000000e0000000, 0x0000000100000000)
  region size 1024K, 104 young (106496K), 4 survivors (4096K)
 Metaspace       used 21220K, committed 21504K, reserved 278528K
  class space    used 3144K, committed 3264K, reserved 212992K
}
Event: 6.833 GC heap after
{Heap after GC invocations=3 (full 0):
 garbage-first heap   total 262144K, used 21194K [0x00000000e0000000, 0x0000000100000000)
  region size 1024K, 12 young (12288K), 12 survivors (12288K)
 Metaspace       used 21220K, committed 21504K, reserved 278528K
  class space    used 3144K, committed 3264K, reserved 212992K
}
Event: 11.273 GC heap before
{Heap before GC invocations=4 (full 0):
 garbage-first heap   total 262144K, used 122570K [0x00000000e0000000, 0x0000000100000000)
  region size 1024K, 109 young (111616K), 12 survivors (12288K)
 Metaspace       used 35623K, committed 35968K, reserved 278528K
  class space    used 4869K, committed 5056K, reserved 212992K
}
Event: 11.298 GC heap after
{Heap after GC invocations=5 (full 0):
 garbage-first heap   total 262144K, used 28906K [0x00000000e0000000, 0x0000000100000000)
  region size 1024K, 16 young (16384K), 16 survivors (16384K)
 Metaspace       used 35623K, committed 35968K, reserved 278528K
  class space    used 4869K, committed 5056K, reserved 212992K
}
Event: 15.665 GC heap before
{Heap before GC invocations=6 (full 0):
 garbage-first heap   total 262144K, used 162026K [0x00000000e0000000, 0x0000000100000000)
  region size 1024K, 140 young (143360K), 16 survivors (16384K)
 Metaspace       used 49663K, committed 50112K, reserved 278528K
  class space    used 6894K, committed 7104K, reserved 212992K
}
Event: 15.693 GC heap after
{Heap after GC invocations=7 (full 0):
 garbage-first heap   total 262144K, used 42535K [0x00000000e0000000, 0x0000000100000000)
  region size 1024K, 16 young (16384K), 16 survivors (16384K)
 Metaspace       used 49663K, committed 50112K, reserved 278528K
  class space    used 6894K, committed 7104K, reserved 212992K
}
Event: 15.729 GC heap before
{Heap before GC invocations=7 (full 0):
 garbage-first heap   total 262144K, used 42535K [0x00000000e0000000, 0x0000000100000000)
  region size 1024K, 17 young (17408K), 16 survivors (16384K)
 Metaspace       used 49778K, committed 50240K, reserved 278528K
  class space    used 6911K, committed 7104K, reserved 212992K
}
Event: 15.748 GC heap after
{Heap after GC invocations=8 (full 0):
 garbage-first heap   total 262144K, used 43616K [0x00000000e0000000, 0x0000000100000000)
  region size 1024K, 2 young (2048K), 2 survivors (2048K)
 Metaspace       used 49778K, committed 50240K, reserved 278528K
  class space    used 6911K, committed 7104K, reserved 212992K
}
Event: 23.338 GC heap before
{Heap before GC invocations=8 (full 0):
 garbage-first heap   total 262144K, used 186976K [0x00000000e0000000, 0x0000000100000000)
  region size 1024K, 143 young (146432K), 2 survivors (2048K)
 Metaspace       used 59621K, committed 60160K, reserved 278528K
  class space    used 8383K, committed 8640K, reserved 212992K
}
Event: 23.364 GC heap after
{Heap after GC invocations=9 (full 0):
 garbage-first heap   total 262144K, used 54479K [0x00000000e0000000, 0x0000000100000000)
  region size 1024K, 13 young (13312K), 13 survivors (13312K)
 Metaspace       used 59621K, committed 60160K, reserved 278528K
  class space    used 8383K, committed 8640K, reserved 212992K
}
Event: 27.735 GC heap before
{Heap before GC invocations=10 (full 0):
 garbage-first heap   total 262144K, used 195791K [0x00000000e0000000, 0x0000000100000000)
  region size 1024K, 152 young (155648K), 13 survivors (13312K)
 Metaspace       used 62345K, committed 62848K, reserved 278528K
  class space    used 8702K, committed 8960K, reserved 212992K
}
Event: 27.758 GC heap after
{Heap after GC invocations=11 (full 0):
 garbage-first heap   total 262144K, used 58713K [0x00000000e0000000, 0x0000000100000000)
  region size 1024K, 5 young (5120K), 5 survivors (5120K)
 Metaspace       used 62345K, committed 62848K, reserved 278528K
  class space    used 8702K, committed 8960K, reserved 212992K
}
Event: 28.038 GC heap before
{Heap before GC invocations=11 (full 0):
 garbage-first heap   total 262144K, used 65881K [0x00000000e0000000, 0x0000000100000000)
  region size 1024K, 12 young (12288K), 5 survivors (5120K)
 Metaspace       used 62558K, committed 63104K, reserved 278528K
  class space    used 8710K, committed 8960K, reserved 212992K
}
Event: 28.048 GC heap after
{Heap after GC invocations=12 (full 0):
 garbage-first heap   total 262144K, used 59206K [0x00000000e0000000, 0x0000000100000000)
  region size 1024K, 2 young (2048K), 2 survivors (2048K)
 Metaspace       used 62558K, committed 63104K, reserved 278528K
  class space    used 8710K, committed 8960K, reserved 212992K
}
Event: 3209.212 GC heap before
{Heap before GC invocations=12 (full 0):
 garbage-first heap   total 262144K, used 201542K [0x00000000e0000000, 0x0000000100000000)
  region size 1024K, 142 young (145408K), 2 survivors (2048K)
 Metaspace       used 63980K, committed 64512K, reserved 278528K
  class space    used 8823K, committed 9088K, reserved 212992K
}
Event: 3209.223 GC heap after
{Heap after GC invocations=13 (full 0):
 garbage-first heap   total 262144K, used 62527K [0x00000000e0000000, 0x0000000100000000)
  region size 1024K, 5 young (5120K), 5 survivors (5120K)
 Metaspace       used 63980K, committed 64512K, reserved 278528K
  class space    used 8823K, committed 9088K, reserved 212992K
}
Event: 3371.813 GC heap before
{Heap before GC invocations=13 (full 0):
 garbage-first heap   total 262144K, used 206911K [0x00000000e0000000, 0x0000000100000000)
  region size 1024K, 147 young (150528K), 5 survivors (5120K)
 Metaspace       used 64765K, committed 65344K, reserved 278528K
  class space    used 8835K, committed 9152K, reserved 212992K
}
Event: 3371.827 GC heap after
{Heap after GC invocations=14 (full 0):
 garbage-first heap   total 262144K, used 63252K [0x00000000e0000000, 0x0000000100000000)
  region size 1024K, 6 young (6144K), 6 survivors (6144K)
 Metaspace       used 64765K, committed 65344K, reserved 278528K
  class space    used 8835K, committed 9152K, reserved 212992K
}
Event: 3657.330 GC heap before
{Heap before GC invocations=14 (full 0):
 garbage-first heap   total 262144K, used 209684K [0x00000000e0000000, 0x0000000100000000)
  region size 1024K, 150 young (153600K), 6 survivors (6144K)
 Metaspace       used 65317K, committed 65920K, reserved 278528K
  class space    used 8853K, committed 9152K, reserved 212992K
}
Event: 3657.339 GC heap after
{Heap after GC invocations=15 (full 0):
 garbage-first heap   total 262144K, used 63163K [0x00000000e0000000, 0x0000000100000000)
  region size 1024K, 5 young (5120K), 5 survivors (5120K)
 Metaspace       used 65317K, committed 65920K, reserved 278528K
  class space    used 8853K, committed 9152K, reserved 212992K
}

