# JRE version: Java(TM) SE Runtime Environment (17.0.11+7) (build 17.0.11+7-LTS-207)
# Java VM: Java HotSpot(TM) 64-Bit Server VM (17.0.11+7-LTS-207, mixed mode, sharing, tiered, compressed oops, compressed class ptrs, g1 gc, windows-amd64)
GC Precious Log:
 CPUs: 8 total, 8 available
 Memory: 8058M
 Large Page Support: Disabled
 NUMA Support: Disabled
 Compressed Oops: Enabled (32-bit)
 Heap Region Size: 1M
 Heap Min Capacity: 256M
 Heap Initial Capacity: 256M
 Heap Max Capacity: 512M
 Pre-touch: Disabled
 Parallel Workers: 8
 Concurrent Workers: 2
 Concurrent Refinement Workers: 8
 Periodic GC: Disabled
Heap:
 garbage-first heap   total 262144K, used 105879K [0x00000000e0000000, 0x0000000100000000)
  region size 1024K, 77 young (78848K), 1 survivors (1024K)
 Metaspace       used 43056K, committed 43520K, reserved 278528K
  class space    used 5982K, committed 6208K, reserved 212992K
GC Heap History (12 events):
Event: 2.131 GC heap before
{Heap before GC invocations=0 (full 0):
 garbage-first heap   total 262144K, used 28672K [0x00000000e0000000, 0x0000000100000000)
  region size 1024K, 23 young (23552K), 0 survivors (0K)
 Metaspace       used 2976K, committed 3136K, reserved 278528K
  class space    used 380K, committed 448K, reserved 212992K
}
Event: 2.138 GC heap after
{Heap after GC invocations=1 (full 0):
 garbage-first heap   total 262144K, used 9029K [0x00000000e0000000, 0x0000000100000000)
  region size 1024K, 3 young (3072K), 3 survivors (3072K)
 Metaspace       used 2976K, committed 3136K, reserved 278528K
  class space    used 380K, committed 448K, reserved 212992K
}
Event: 4.301 GC heap before
{Heap before GC invocations=1 (full 0):
 garbage-first heap   total 262144K, used 36677K [0x00000000e0000000, 0x0000000100000000)
  region size 1024K, 30 young (30720K), 3 survivors (3072K)
 Metaspace       used 3900K, committed 4096K, reserved 278528K
  class space    used 476K, committed 576K, reserved 212992K
}
Event: 4.305 GC heap after
{Heap after GC invocations=2 (full 0):
 garbage-first heap   total 262144K, used 13244K [0x00000000e0000000, 0x0000000100000000)
  region size 1024K, 4 young (4096K), 4 survivors (4096K)
 Metaspace       used 3900K, committed 4096K, reserved 278528K
  class space    used 476K, committed 576K, reserved 212992K
}
Event: 9.648 GC heap before
{Heap before GC invocations=2 (full 0):
 garbage-first heap   total 262144K, used 117692K [0x00000000e0000000, 0x0000000100000000)
  region size 1024K, 107 young (109568K), 4 survivors (4096K)
 Metaspace       used 21283K, committed 21504K, reserved 278528K
  class space    used 3150K, committed 3264K, reserved 212992K
}
Event: 9.664 GC heap after
{Heap after GC invocations=3 (full 0):
 garbage-first heap   total 262144K, used 20891K [0x00000000e0000000, 0x0000000100000000)
  region size 1024K, 12 young (12288K), 12 survivors (12288K)
 Metaspace       used 21283K, committed 21504K, reserved 278528K
  class space    used 3150K, committed 3264K, reserved 212992K
}
Event: 81.261 GC heap before
{Heap before GC invocations=4 (full 0):
 garbage-first heap   total 262144K, used 126363K [0x00000000e0000000, 0x0000000100000000)
  region size 1024K, 113 young (115712K), 12 survivors (12288K)
 Metaspace       used 35683K, committed 35968K, reserved 278528K
  class space    used 4848K, committed 4992K, reserved 212992K
}
Event: 81.284 GC heap after
{Heap after GC invocations=5 (full 0):
 garbage-first heap   total 262144K, used 29210K [0x00000000e0000000, 0x0000000100000000)
  region size 1024K, 16 young (16384K), 16 survivors (16384K)
 Metaspace       used 35683K, committed 35968K, reserved 278528K
  class space    used 4848K, committed 4992K, reserved 212992K
}
Event: 81.307 GC heap before
{Heap before GC invocations=5 (full 0):
 garbage-first heap   total 262144K, used 30234K [0x00000000e0000000, 0x0000000100000000)
  region size 1024K, 17 young (17408K), 16 survivors (16384K)
 Metaspace       used 35760K, committed 36096K, reserved 278528K
  class space    used 4862K, committed 5056K, reserved 212992K
}
Event: 81.329 GC heap after
{Heap after GC invocations=6 (full 0):
 garbage-first heap   total 262144K, used 30098K [0x00000000e0000000, 0x0000000100000000)
  region size 1024K, 2 young (2048K), 2 survivors (2048K)
 Metaspace       used 35760K, committed 36096K, reserved 278528K
  class space    used 4862K, committed 5056K, reserved 212992K
}
Event: 81.389 GC heap before
{Heap before GC invocations=6 (full 0):
 garbage-first heap   total 262144K, used 31122K [0x00000000e0000000, 0x0000000100000000)
  region size 1024K, 4 young (4096K), 2 survivors (2048K)
 Metaspace       used 35932K, committed 36288K, reserved 278528K
  class space    used 4895K, committed 5056K, reserved 212992K
}
Event: 81.391 GC heap after
{Heap after GC invocations=7 (full 0):
 garbage-first heap   total 262144K, used 29079K [0x00000000e0000000, 0x0000000100000000)
  region size 1024K, 1 young (1024K), 1 survivors (1024K)
 Metaspace       used 35932K, committed 36288K, reserved 278528K
  class space    used 4895K, committed 5056K, reserved 212992K
}

