# JRE version: OpenJDK Runtime Environment Temurin-11.0.23+9 (11.0.23+9) (build 11.0.23+9)
# Java VM: OpenJDK 64-Bit Server VM Temurin-11.0.23+9 (11.0.23+9, mixed mode, tiered, compressed oops, g1 gc, windows-amd64)
Heap:
 garbage-first heap   total 129024K, used 40171K [0x0000000082000000, 0x0000000100000000)
  region size 1024K, 17 young (17408K), 4 survivors (4096K)
 Metaspace       used 31222K, capacity 31737K, committed 31868K, reserved 1077248K
  class space    used 3213K, capacity 3411K, committed 3532K, reserved 1048576K
GC Heap History (10 events):
Event: 5.990 GC heap before
{Heap before GC invocations=0 (full 0):
 garbage-first heap   total 129024K, used 33792K [0x0000000082000000, 0x0000000100000000)
  region size 1024K, 24 young (24576K), 0 survivors (0K)
 Metaspace       used 12054K, capacity 12181K, committed 12416K, reserved 1060864K
  class space    used 1087K, capacity 1143K, committed 1152K, reserved 1048576K
}
Event: 6.003 GC heap after
{Heap after GC invocations=1 (full 0):
 garbage-first heap   total 129024K, used 16372K [0x0000000082000000, 0x0000000100000000)
  region size 1024K, 3 young (3072K), 3 survivors (3072K)
 Metaspace       used 12054K, capacity 12181K, committed 12416K, reserved 1060864K
  class space    used 1087K, capacity 1143K, committed 1152K, reserved 1048576K
}
Event: 11.141 GC heap before
{Heap before GC invocations=1 (full 0):
 garbage-first heap   total 129024K, used 84980K [0x0000000082000000, 0x0000000100000000)
  region size 1024K, 70 young (71680K), 3 survivors (3072K)
 Metaspace       used 20856K, capacity 21180K, committed 21296K, reserved 1069056K
  class space    used 2036K, capacity 2162K, committed 2176K, reserved 1048576K
}
Event: 11.167 GC heap after
{Heap after GC invocations=2 (full 0):
 garbage-first heap   total 129024K, used 21744K [0x0000000082000000, 0x0000000100000000)
  region size 1024K, 9 young (9216K), 9 survivors (9216K)
 Metaspace       used 20856K, capacity 21180K, committed 21296K, reserved 1069056K
  class space    used 2036K, capacity 2162K, committed 2176K, reserved 1048576K
}
Event: 62.304 GC heap before
{Heap before GC invocations=3 (full 0):
 garbage-first heap   total 129024K, used 79088K [0x0000000082000000, 0x0000000100000000)
  region size 1024K, 66 young (67584K), 9 survivors (9216K)
 Metaspace       used 30231K, capacity 30740K, committed 30972K, reserved 1077248K
  class space    used 3186K, capacity 3379K, committed 3404K, reserved 1048576K
}
Event: 62.320 GC heap after
{Heap after GC invocations=4 (full 0):
 garbage-first heap   total 129024K, used 25866K [0x0000000082000000, 0x0000000100000000)
  region size 1024K, 5 young (5120K), 5 survivors (5120K)
 Metaspace       used 30231K, capacity 30740K, committed 30972K, reserved 1077248K
  class space    used 3186K, capacity 3379K, committed 3404K, reserved 1048576K
}
Event: 195.140 GC heap before
{Heap before GC invocations=4 (full 0):
 garbage-first heap   total 129024K, used 90378K [0x0000000082000000, 0x0000000100000000)
  region size 1024K, 68 young (69632K), 5 survivors (5120K)
 Metaspace       used 30964K, capacity 31480K, committed 31612K, reserved 1077248K
  class space    used 3212K, capacity 3411K, committed 3532K, reserved 1048576K
}
Event: 195.145 GC heap after
{Heap after GC invocations=5 (full 0):
 garbage-first heap   total 129024K, used 27592K [0x0000000082000000, 0x0000000100000000)
  region size 1024K, 6 young (6144K), 6 survivors (6144K)
 Metaspace       used 30964K, capacity 31480K, committed 31612K, reserved 1077248K
  class space    used 3212K, capacity 3411K, committed 3532K, reserved 1048576K
}
Event: 318.067 GC heap before
{Heap before GC invocations=5 (full 0):
 garbage-first heap   total 129024K, used 95176K [0x0000000082000000, 0x0000000100000000)
  region size 1024K, 72 young (73728K), 6 survivors (6144K)
 Metaspace       used 31148K, capacity 31609K, committed 31868K, reserved 1077248K
  class space    used 3212K, capacity 3411K, committed 3532K, reserved 1048576K
}
Event: 318.072 GC heap after
{Heap after GC invocations=6 (full 0):
 garbage-first heap   total 129024K, used 27883K [0x0000000082000000, 0x0000000100000000)
  region size 1024K, 4 young (4096K), 4 survivors (4096K)
 Metaspace       used 31148K, capacity 31609K, committed 31868K, reserved 1077248K
  class space    used 3212K, capacity 3411K, committed 3532K, reserved 1048576K
}

