# JRE version: Java(TM) SE Runtime Environment (17.0.11+7) (build 17.0.11+7-LTS-207)
# Java VM: Java HotSpot(TM) 64-Bit Server VM (17.0.11+7-LTS-207, mixed mode, sharing, tiered, compressed oops, compressed class ptrs, g1 gc, windows-amd64)
GC Precious Log:
 CPUs: 8 total, 8 available
 Memory: 8058M
 Large Page Support: Disabled
 NUMA Support: Disabled
 Compressed Oops: Enabled (32-bit)
 Heap Region Size: 1M
 Heap Min Capacity: 256M
 Heap Initial Capacity: 256M
 Heap Max Capacity: 512M
 Pre-touch: Disabled
 Parallel Workers: 8
 Concurrent Workers: 2
 Concurrent Refinement Workers: 8
 Periodic GC: Disabled
Heap:
 garbage-first heap   total 262144K, used 112580K [0x00000000e0000000, 0x0000000100000000)
  region size 1024K, 43 young (44032K), 5 survivors (5120K)
 Metaspace       used 86513K, committed 87168K, reserved 344064K
  class space    used 11455K, committed 11776K, reserved 212992K
GC Heap History (20 events):
Event: 384.770 GC heap before
{Heap before GC invocations=27 (full 0):
 garbage-first heap   total 262144K, used 221124K [0x00000000e0000000, 0x0000000100000000)
  region size 1024K, 154 young (157696K), 7 survivors (7168K)
 Metaspace       used 73911K, committed 74560K, reserved 278528K
  class space    used 9891K, committed 10176K, reserved 212992K
}
Event: 384.776 GC heap after
{Heap after GC invocations=28 (full 0):
 garbage-first heap   total 262144K, used 74701K [0x00000000e0000000, 0x0000000100000000)
  region size 1024K, 9 young (9216K), 9 survivors (9216K)
 Metaspace       used 73911K, committed 74560K, reserved 278528K
  class space    used 9891K, committed 10176K, reserved 212992K
}
Event: 384.965 GC heap before
{Heap before GC invocations=28 (full 0):
 garbage-first heap   total 262144K, used 222157K [0x00000000e0000000, 0x0000000100000000)
  region size 1024K, 153 young (156672K), 9 survivors (9216K)
 Metaspace       used 73924K, committed 74560K, reserved 278528K
  class space    used 9891K, committed 10176K, reserved 212992K
}
Event: 384.971 GC heap after
{Heap after GC invocations=29 (full 0):
 garbage-first heap   total 262144K, used 77554K [0x00000000e0000000, 0x0000000100000000)
  region size 1024K, 11 young (11264K), 11 survivors (11264K)
 Metaspace       used 73924K, committed 74560K, reserved 278528K
  class space    used 9891K, committed 10176K, reserved 212992K
}
Event: 385.184 GC heap before
{Heap before GC invocations=29 (full 0):
 garbage-first heap   total 262144K, used 221938K [0x00000000e0000000, 0x0000000100000000)
  region size 1024K, 153 young (156672K), 11 survivors (11264K)
 Metaspace       used 73926K, committed 74560K, reserved 278528K
  class space    used 9891K, committed 10176K, reserved 212992K
}
Event: 385.189 GC heap after
{Heap after GC invocations=30 (full 0):
 garbage-first heap   total 262144K, used 76201K [0x00000000e0000000, 0x0000000100000000)
  region size 1024K, 10 young (10240K), 10 survivors (10240K)
 Metaspace       used 73926K, committed 74560K, reserved 278528K
  class space    used 9891K, committed 10176K, reserved 212992K
}
Event: 385.563 GC heap before
{Heap before GC invocations=30 (full 0):
 garbage-first heap   total 262144K, used 222633K [0x00000000e0000000, 0x0000000100000000)
  region size 1024K, 153 young (156672K), 10 survivors (10240K)
 Metaspace       used 73939K, committed 74560K, reserved 278528K
  class space    used 9891K, committed 10176K, reserved 212992K
}
Event: 385.568 GC heap after
{Heap after GC invocations=31 (full 0):
 garbage-first heap   total 262144K, used 76328K [0x00000000e0000000, 0x0000000100000000)
  region size 1024K, 10 young (10240K), 10 survivors (10240K)
 Metaspace       used 73939K, committed 74560K, reserved 278528K
  class space    used 9891K, committed 10176K, reserved 212992K
}
Event: 385.860 GC heap before
{Heap before GC invocations=31 (full 0):
 garbage-first heap   total 262144K, used 222760K [0x00000000e0000000, 0x0000000100000000)
  region size 1024K, 153 young (156672K), 10 survivors (10240K)
 Metaspace       used 73939K, committed 74560K, reserved 278528K
  class space    used 9891K, committed 10176K, reserved 212992K
}
Event: 385.868 GC heap after
{Heap after GC invocations=32 (full 0):
 garbage-first heap   total 262144K, used 79528K [0x00000000e0000000, 0x0000000100000000)
  region size 1024K, 13 young (13312K), 13 survivors (13312K)
 Metaspace       used 73939K, committed 74560K, reserved 278528K
  class space    used 9891K, committed 10176K, reserved 212992K
}
Event: 386.107 GC heap before
{Heap before GC invocations=32 (full 0):
 garbage-first heap   total 262144K, used 219816K [0x00000000e0000000, 0x0000000100000000)
  region size 1024K, 151 young (154624K), 13 survivors (13312K)
 Metaspace       used 73939K, committed 74560K, reserved 278528K
  class space    used 9891K, committed 10176K, reserved 212992K
}
Event: 386.116 GC heap after
{Heap after GC invocations=33 (full 0):
 garbage-first heap   total 262144K, used 82462K [0x00000000e0000000, 0x0000000100000000)
  region size 1024K, 13 young (13312K), 13 survivors (13312K)
 Metaspace       used 73939K, committed 74560K, reserved 278528K
  class space    used 9891K, committed 10176K, reserved 212992K
}
Event: 389.227 GC heap before
{Heap before GC invocations=33 (full 0):
 garbage-first heap   total 262144K, used 224798K [0x00000000e0000000, 0x0000000100000000)
  region size 1024K, 149 young (152576K), 13 survivors (13312K)
 Metaspace       used 81870K, committed 82560K, reserved 344064K
  class space    used 10824K, committed 11136K, reserved 212992K
}
Event: 389.233 GC heap after
{Heap after GC invocations=34 (full 0):
 garbage-first heap   total 262144K, used 81956K [0x00000000e0000000, 0x0000000100000000)
  region size 1024K, 7 young (7168K), 7 survivors (7168K)
 Metaspace       used 81870K, committed 82560K, reserved 344064K
  class space    used 10824K, committed 11136K, reserved 212992K
}
Event: 390.242 GC heap before
{Heap before GC invocations=34 (full 0):
 garbage-first heap   total 262144K, used 222244K [0x00000000e0000000, 0x0000000100000000)
  region size 1024K, 144 young (147456K), 7 survivors (7168K)
 Metaspace       used 81894K, committed 82560K, reserved 344064K
  class space    used 10827K, committed 11136K, reserved 212992K
}
Event: 390.249 GC heap after
{Heap after GC invocations=35 (full 0):
 garbage-first heap   total 262144K, used 82698K [0x00000000e0000000, 0x0000000100000000)
  region size 1024K, 8 young (8192K), 8 survivors (8192K)
 Metaspace       used 81894K, committed 82560K, reserved 344064K
  class space    used 10827K, committed 11136K, reserved 212992K
}
Event: 391.024 GC heap before
{Heap before GC invocations=35 (full 0):
 garbage-first heap   total 262144K, used 222986K [0x00000000e0000000, 0x0000000100000000)
  region size 1024K, 145 young (148480K), 8 survivors (8192K)
 Metaspace       used 81896K, committed 82560K, reserved 344064K
  class space    used 10827K, committed 11136K, reserved 212992K
}
Event: 391.030 GC heap after
{Heap after GC invocations=36 (full 0):
 garbage-first heap   total 262144K, used 84460K [0x00000000e0000000, 0x0000000100000000)
  region size 1024K, 10 young (10240K), 10 survivors (10240K)
 Metaspace       used 81896K, committed 82560K, reserved 344064K
  class space    used 10827K, committed 11136K, reserved 212992K
}
Event: 391.934 GC heap before
{Heap before GC invocations=36 (full 0):
 garbage-first heap   total 262144K, used 223724K [0x00000000e0000000, 0x0000000100000000)
  region size 1024K, 146 young (149504K), 10 survivors (10240K)
 Metaspace       used 82490K, committed 83200K, reserved 344064K
  class space    used 10911K, committed 11264K, reserved 212992K
}
Event: 391.939 GC heap after
{Heap after GC invocations=37 (full 0):
 garbage-first heap   total 262144K, used 75716K [0x00000000e0000000, 0x0000000100000000)
  region size 1024K, 5 young (5120K), 5 survivors (5120K)
 Metaspace       used 82490K, committed 83200K, reserved 344064K
  class space    used 10911K, committed 11264K, reserved 212992K
}

