# JRE version: Java(TM) SE Runtime Environment 18.9 (11.0.17+10) (build 11.0.17+10-LTS-269)
# Java VM: Java HotSpot(TM) 64-Bit Server VM 18.9 (11.0.17+10-LTS-269, mixed mode, tiered, compressed oops, g1 gc, windows-amd64)
Heap:
 garbage-first heap   total 262144K, used 81735K [0x00000000e0000000, 0x0000000100000000)
  region size 1024K, 52 young (53248K), 11 survivors (11264K)
 Metaspace       used 61353K, capacity 63638K, committed 63948K, reserved 440320K
  class space    used 8416K, capacity 9380K, committed 9472K, reserved 385024K
GC Heap History (10 events):
Event: 4.645 GC heap before
{Heap before GC invocations=3 (full 0):
 garbage-first heap   total 262144K, used 84218K [0x00000000e0000000, 0x0000000100000000)
  region size 1024K, 75 young (76800K), 11 survivors (11264K)
 Metaspace       used 25784K, capacity 26460K, committed 26624K, reserved 409600K
  class space    used 3336K, capacity 3583K, committed 3584K, reserved 385024K
}
Event: 4.654 GC heap after
{Heap after GC invocations=4 (full 0):
 garbage-first heap   total 262144K, used 20994K [0x00000000e0000000, 0x0000000100000000)
  region size 1024K, 3 young (3072K), 3 survivors (3072K)
 Metaspace       used 25784K, capacity 26460K, committed 26624K, reserved 409600K
  class space    used 3336K, capacity 3583K, committed 3584K, reserved 385024K
}
Event: 5.726 GC heap before
{Heap before GC invocations=4 (full 0):
 garbage-first heap   total 262144K, used 110082K [0x00000000e0000000, 0x0000000100000000)
  region size 1024K, 91 young (93184K), 3 survivors (3072K)
 Metaspace       used 34925K, capacity 35816K, committed 35840K, reserved 417792K
  class space    used 4615K, capacity 4968K, committed 4992K, reserved 385024K
}
Event: 5.733 GC heap after
{Heap after GC invocations=5 (full 0):
 garbage-first heap   total 262144K, used 24270K [0x00000000e0000000, 0x0000000100000000)
  region size 1024K, 6 young (6144K), 6 survivors (6144K)
 Metaspace       used 34925K, capacity 35816K, committed 35840K, reserved 417792K
  class space    used 4615K, capacity 4968K, committed 4992K, reserved 385024K
}
Event: 7.658 GC heap before
{Heap before GC invocations=6 (full 0):
 garbage-first heap   total 262144K, used 142030K [0x00000000e0000000, 0x0000000100000000)
  region size 1024K, 122 young (124928K), 6 survivors (6144K)
 Metaspace       used 45995K, capacity 47224K, committed 47360K, reserved 425984K
  class space    used 6141K, capacity 6633K, committed 6656K, reserved 385024K
}
Event: 7.670 GC heap after
{Heap after GC invocations=7 (full 0):
 garbage-first heap   total 262144K, used 30564K [0x00000000e0000000, 0x0000000100000000)
  region size 1024K, 12 young (12288K), 12 survivors (12288K)
 Metaspace       used 45995K, capacity 47224K, committed 47360K, reserved 425984K
  class space    used 6141K, capacity 6633K, committed 6656K, reserved 385024K
}
Event: 9.147 GC heap before
{Heap before GC invocations=7 (full 0):
 garbage-first heap   total 262144K, used 169828K [0x00000000e0000000, 0x0000000100000000)
  region size 1024K, 141 young (144384K), 12 survivors (12288K)
 Metaspace       used 54720K, capacity 56471K, committed 56704K, reserved 434176K
  class space    used 7334K, capacity 8034K, committed 8064K, reserved 385024K
}
Event: 9.171 GC heap after
{Heap after GC invocations=8 (full 0):
 garbage-first heap   total 262144K, used 36078K [0x00000000e0000000, 0x0000000100000000)
  region size 1024K, 12 young (12288K), 12 survivors (12288K)
 Metaspace       used 54720K, capacity 56471K, committed 56704K, reserved 434176K
  class space    used 7334K, capacity 8034K, committed 8064K, reserved 385024K
}
Event: 11.954 GC heap before
{Heap before GC invocations=8 (full 0):
 garbage-first heap   total 262144K, used 101614K [0x00000000e0000000, 0x0000000100000000)
  region size 1024K, 77 young (78848K), 12 survivors (12288K)
 Metaspace       used 58041K, capacity 59982K, committed 60160K, reserved 438272K
  class space    used 7868K, capacity 8704K, committed 8704K, reserved 385024K
}
Event: 11.970 GC heap after
{Heap after GC invocations=9 (full 0):
 garbage-first heap   total 262144K, used 40775K [0x00000000e0000000, 0x0000000100000000)
  region size 1024K, 11 young (11264K), 11 survivors (11264K)
 Metaspace       used 58041K, capacity 59982K, committed 60160K, reserved 438272K
  class space    used 7868K, capacity 8704K, committed 8704K, reserved 385024K
}

