# JRE version: Java(TM) SE Runtime Environment 18.9 (11.0.17+10) (build 11.0.17+10-LTS-269)
# Java VM: Java HotSpot(TM) 64-Bit Server VM 18.9 (11.0.17+10-LTS-269, mixed mode, tiered, compressed oops, g1 gc, windows-amd64)
Heap:
 garbage-first heap   total 262144K, used 169241K [0x00000000e0000000, 0x0000000100000000)
  region size 1024K, 105 young (107520K), 12 survivors (12288K)
 Metaspace       used 87930K, capacity 91318K, committed 91392K, reserved 464896K
  class space    used 11616K, capacity 13018K, committed 13056K, reserved 385024K
GC Heap History (10 events):
Event: 11.648 GC heap before
{Heap before GC invocations=12 (full 0):
 garbage-first heap   total 262144K, used 196469K [0x00000000e0000000, 0x0000000100000000)
  region size 1024K, 151 young (154624K), 7 survivors (7168K)
 Metaspace       used 68999K, capacity 71395K, committed 71552K, reserved 446464K
  class space    used 9341K, capacity 10290K, committed 10368K, reserved 385024K
}
Event: 11.659 GC heap after
{Heap after GC invocations=13 (full 0):
 garbage-first heap   total 262144K, used 54876K [0x00000000e0000000, 0x0000000100000000)
  region size 1024K, 13 young (13312K), 13 survivors (13312K)
 Metaspace       used 68999K, capacity 71395K, committed 71552K, reserved 446464K
  class space    used 9341K, capacity 10290K, committed 10368K, reserved 385024K
}
Event: 15.214 GC heap before
{Heap before GC invocations=13 (full 0):
 garbage-first heap   total 262144K, used 197212K [0x00000000e0000000, 0x0000000100000000)
  region size 1024K, 152 young (155648K), 13 survivors (13312K)
 Metaspace       used 74503K, capacity 77114K, committed 77312K, reserved 452608K
  class space    used 10161K, capacity 11223K, committed 11264K, reserved 385024K
}
Event: 15.232 GC heap after
{Heap after GC invocations=14 (full 0):
 garbage-first heap   total 262144K, used 65334K [0x00000000e0000000, 0x0000000100000000)
  region size 1024K, 18 young (18432K), 18 survivors (18432K)
 Metaspace       used 74503K, capacity 77114K, committed 77312K, reserved 452608K
  class space    used 10161K, capacity 11223K, committed 11264K, reserved 385024K
}
Event: 17.740 GC heap before
{Heap before GC invocations=14 (full 0):
 garbage-first heap   total 262144K, used 200502K [0x00000000e0000000, 0x0000000100000000)
  region size 1024K, 151 young (154624K), 18 survivors (18432K)
 Metaspace       used 78995K, capacity 81973K, committed 82048K, reserved 456704K
  class space    used 10688K, capacity 11883K, committed 11904K, reserved 385024K
}
Event: 17.771 GC heap after
{Heap after GC invocations=15 (full 0):
 garbage-first heap   total 262144K, used 70994K [0x00000000e0000000, 0x0000000100000000)
  region size 1024K, 7 young (7168K), 7 survivors (7168K)
 Metaspace       used 78995K, capacity 81973K, committed 82048K, reserved 456704K
  class space    used 10688K, capacity 11883K, committed 11904K, reserved 385024K
}
Event: 293.276 GC heap before
{Heap before GC invocations=15 (full 0):
 garbage-first heap   total 262144K, used 204114K [0x00000000e0000000, 0x0000000100000000)
  region size 1024K, 138 young (141312K), 7 survivors (7168K)
 Metaspace       used 81501K, capacity 84581K, committed 84864K, reserved 458752K
  class space    used 10863K, capacity 12102K, committed 12160K, reserved 385024K
}
Event: 293.289 GC heap after
{Heap after GC invocations=16 (full 0):
 garbage-first heap   total 262144K, used 70824K [0x00000000e0000000, 0x0000000100000000)
  region size 1024K, 7 young (7168K), 7 survivors (7168K)
 Metaspace       used 81501K, capacity 84581K, committed 84864K, reserved 458752K
  class space    used 10863K, capacity 12102K, committed 12160K, reserved 385024K
}
Event: 1534.723 GC heap before
{Heap before GC invocations=16 (full 0):
 garbage-first heap   total 262144K, used 209064K [0x00000000e0000000, 0x0000000100000000)
  region size 1024K, 143 young (146432K), 7 survivors (7168K)
 Metaspace       used 83025K, capacity 86193K, committed 86528K, reserved 460800K
  class space    used 10970K, capacity 12202K, committed 12288K, reserved 385024K
}
Event: 1534.746 GC heap after
{Heap after GC invocations=17 (full 0):
 garbage-first heap   total 262144K, used 76057K [0x00000000e0000000, 0x0000000100000000)
  region size 1024K, 12 young (12288K), 12 survivors (12288K)
 Metaspace       used 83025K, capacity 86193K, committed 86528K, reserved 460800K
  class space    used 10970K, capacity 12202K, committed 12288K, reserved 385024K
}

