# JRE version: Java(TM) SE Runtime Environment 18.9 (11.0.17+10) (build 11.0.17+10-LTS-269)
# Java VM: Java HotSpot(TM) 64-Bit Server VM 18.9 (11.0.17+10-LTS-269, mixed mode, tiered, compressed oops, g1 gc, windows-amd64)
Heap:
 garbage-first heap   total 262144K, used 204861K [0x00000000e0000000, 0x0000000100000000)
  region size 1024K, 139 young (142336K), 13 survivors (13312K)
 Metaspace       used 81939K, capacity 84963K, committed 85120K, reserved 458752K
  class space    used 10848K, capacity 12035K, committed 12160K, reserved 385024K
GC Heap History (10 events):
Event: 18.769 GC heap before
{Heap before GC invocations=10 (full 0):
 garbage-first heap   total 262144K, used 182226K [0x00000000e0000000, 0x0000000100000000)
  region size 1024K, 151 young (154624K), 13 survivors (13312K)
 Metaspace       used 57437K, capacity 59569K, committed 59648K, reserved 436224K
  class space    used 7769K, capacity 8632K, committed 8704K, reserved 385024K
}
Event: 18.799 GC heap after
{Heap after GC invocations=11 (full 0):
 garbage-first heap   total 262144K, used 39719K [0x00000000e0000000, 0x0000000100000000)
  region size 1024K, 15 young (15360K), 15 survivors (15360K)
 Metaspace       used 57437K, capacity 59569K, committed 59648K, reserved 436224K
  class space    used 7769K, capacity 8632K, committed 8704K, reserved 385024K
}
Event: 21.980 GC heap before
{Heap before GC invocations=11 (full 0):
 garbage-first heap   total 262144K, used 189223K [0x00000000e0000000, 0x0000000100000000)
  region size 1024K, 153 young (156672K), 15 survivors (15360K)
 Metaspace       used 68273K, capacity 70597K, committed 70912K, reserved 446464K
  class space    used 9205K, capacity 10131K, committed 10240K, reserved 385024K
}
Event: 22.007 GC heap after
{Heap after GC invocations=12 (full 0):
 garbage-first heap   total 262144K, used 54826K [0x00000000e0000000, 0x0000000100000000)
  region size 1024K, 13 young (13312K), 13 survivors (13312K)
 Metaspace       used 68273K, capacity 70597K, committed 70912K, reserved 446464K
  class space    used 9205K, capacity 10131K, committed 10240K, reserved 385024K
}
Event: 27.742 GC heap before
{Heap before GC invocations=12 (full 0):
 garbage-first heap   total 262144K, used 198186K [0x00000000e0000000, 0x0000000100000000)
  region size 1024K, 153 young (156672K), 13 survivors (13312K)
 Metaspace       used 73847K, capacity 76451K, committed 76672K, reserved 450560K
  class space    used 10023K, capacity 11061K, committed 11136K, reserved 385024K
}
Event: 27.773 GC heap after
{Heap after GC invocations=13 (full 0):
 garbage-first heap   total 262144K, used 65012K [0x00000000e0000000, 0x0000000100000000)
  region size 1024K, 17 young (17408K), 17 survivors (17408K)
 Metaspace       used 73847K, capacity 76451K, committed 76672K, reserved 450560K
  class space    used 10023K, capacity 11061K, committed 11136K, reserved 385024K
}
Event: 29.827 GC heap before
{Heap before GC invocations=13 (full 0):
 garbage-first heap   total 262144K, used 133620K [0x00000000e0000000, 0x0000000100000000)
  region size 1024K, 86 young (88064K), 17 survivors (17408K)
 Metaspace       used 77183K, capacity 79902K, committed 80000K, reserved 454656K
  class space    used 10472K, capacity 11550K, committed 11648K, reserved 385024K
}
Event: 29.858 GC heap after
{Heap after GC invocations=14 (full 0):
 garbage-first heap   total 262144K, used 68458K [0x00000000e0000000, 0x0000000100000000)
  region size 1024K, 14 young (14336K), 14 survivors (14336K)
 Metaspace       used 77183K, capacity 79902K, committed 80000K, reserved 454656K
  class space    used 10472K, capacity 11550K, committed 11648K, reserved 385024K
}
Event: 33.586 GC heap before
{Heap before GC invocations=15 (full 0):
 garbage-first heap   total 262144K, used 203626K [0x00000000e0000000, 0x0000000100000000)
  region size 1024K, 147 young (150528K), 14 survivors (14336K)
 Metaspace       used 80383K, capacity 83215K, committed 83456K, reserved 456704K
  class space    used 10809K, capacity 11950K, committed 12032K, reserved 385024K
}
Event: 33.623 GC heap after
{Heap after GC invocations=16 (full 0):
 garbage-first heap   total 262144K, used 77885K [0x00000000e0000000, 0x0000000100000000)
  region size 1024K, 13 young (13312K), 13 survivors (13312K)
 Metaspace       used 80383K, capacity 83215K, committed 83456K, reserved 456704K
  class space    used 10809K, capacity 11950K, committed 12032K, reserved 385024K
}

