# JRE version: Java(TM) SE Runtime Environment 18.9 (11.0.17+10) (build 11.0.17+10-LTS-269)
# Java VM: Java HotSpot(TM) 64-Bit Server VM 18.9 (11.0.17+10-LTS-269, mixed mode, tiered, compressed oops, g1 gc, windows-amd64)
Heap:
 garbage-first heap   total 262144K, used 88669K [0x00000000e0000000, 0x0000000100000000)
  region size 1024K, 71 young (72704K), 2 survivors (2048K)
 Metaspace       used 26599K, capacity 27335K, committed 27516K, reserved 409600K
  class space    used 3467K, capacity 3747K, committed 3788K, reserved 385024K
GC Heap History (8 events):
Event: 0.616 GC heap before
{Heap before GC invocations=0 (full 0):
 garbage-first heap   total 262144K, used 27648K [0x00000000e0000000, 0x0000000100000000)
  region size 1024K, 24 young (24576K), 0 survivors (0K)
 Metaspace       used 9829K, capacity 10102K, committed 10368K, reserved 395264K
  class space    used 992K, capacity 1049K, committed 1152K, reserved 385024K
}
Event: 0.622 GC heap after
{Heap after GC invocations=1 (full 0):
 garbage-first heap   total 262144K, used 10772K [0x00000000e0000000, 0x0000000100000000)
  region size 1024K, 3 young (3072K), 3 survivors (3072K)
 Metaspace       used 9829K, capacity 10102K, committed 10368K, reserved 395264K
  class space    used 992K, capacity 1049K, committed 1152K, reserved 385024K
}
Event: 1.008 GC heap before
{Heap before GC invocations=1 (full 0):
 garbage-first heap   total 262144K, used 32276K [0x00000000e0000000, 0x0000000100000000)
  region size 1024K, 24 young (24576K), 3 survivors (3072K)
 Metaspace       used 11237K, capacity 11482K, committed 11520K, reserved 395264K
  class space    used 1174K, capacity 1254K, committed 1280K, reserved 385024K
}
Event: 1.013 GC heap after
{Heap after GC invocations=2 (full 0):
 garbage-first heap   total 262144K, used 11641K [0x00000000e0000000, 0x0000000100000000)
  region size 1024K, 1 young (1024K), 1 survivors (1024K)
 Metaspace       used 11237K, capacity 11482K, committed 11520K, reserved 395264K
  class space    used 1174K, capacity 1254K, committed 1280K, reserved 385024K
}
Event: 2.123 GC heap before
{Heap before GC invocations=2 (full 0):
 garbage-first heap   total 262144K, used 67961K [0x00000000e0000000, 0x0000000100000000)
  region size 1024K, 56 young (57344K), 1 survivors (1024K)
 Metaspace       used 17049K, capacity 17413K, committed 17536K, reserved 401408K
  class space    used 1975K, capacity 2086K, committed 2176K, reserved 385024K
}
Event: 2.128 GC heap after
{Heap after GC invocations=3 (full 0):
 garbage-first heap   total 262144K, used 17684K [0x00000000e0000000, 0x0000000100000000)
  region size 1024K, 7 young (7168K), 7 survivors (7168K)
 Metaspace       used 17049K, capacity 17413K, committed 17536K, reserved 401408K
  class space    used 1975K, capacity 2086K, committed 2176K, reserved 385024K
}
Event: 2.426 GC heap before
{Heap before GC invocations=3 (full 0):
 garbage-first heap   total 262144K, used 47380K [0x00000000e0000000, 0x0000000100000000)
  region size 1024K, 37 young (37888K), 7 survivors (7168K)
 Metaspace       used 20687K, capacity 21168K, committed 21296K, reserved 405504K
  class space    used 2516K, capacity 2664K, committed 2688K, reserved 385024K
}
Event: 2.432 GC heap after
{Heap after GC invocations=4 (full 0):
 garbage-first heap   total 262144K, used 19037K [0x00000000e0000000, 0x0000000100000000)
  region size 1024K, 2 young (2048K), 2 survivors (2048K)
 Metaspace       used 20687K, capacity 21168K, committed 21296K, reserved 405504K
  class space    used 2516K, capacity 2664K, committed 2688K, reserved 385024K
}

