# JRE version: Java(TM) SE Runtime Environment 18.9 (11.0.17+10) (build 11.0.17+10-LTS-269)
# Java VM: Java HotSpot(TM) 64-Bit Server VM 18.9 (11.0.17+10-LTS-269, mixed mode, tiered, compressed oops, g1 gc, windows-amd64)
Heap:
 garbage-first heap   total 262144K, used 53078K [0x00000000e0000000, 0x0000000100000000)
  region size 1024K, 35 young (35840K), 2 survivors (2048K)
 Metaspace       used 27393K, capacity 28036K, committed 28208K, reserved 409600K
  class space    used 3595K, capacity 3852K, committed 3968K, reserved 385024K
GC Heap History (6 events):
Event: 0.676 GC heap before
{Heap before GC invocations=0 (full 0):
 garbage-first heap   total 262144K, used 27648K [0x00000000e0000000, 0x0000000100000000)
  region size 1024K, 24 young (24576K), 0 survivors (0K)
 Metaspace       used 9830K, capacity 10102K, committed 10368K, reserved 395264K
  class space    used 993K, capacity 1049K, committed 1152K, reserved 385024K
}
Event: 0.683 GC heap after
{Heap after GC invocations=1 (full 0):
 garbage-first heap   total 262144K, used 10834K [0x00000000e0000000, 0x0000000100000000)
  region size 1024K, 3 young (3072K), 3 survivors (3072K)
 Metaspace       used 9830K, capacity 10102K, committed 10368K, reserved 395264K
  class space    used 993K, capacity 1049K, committed 1152K, reserved 385024K
}
Event: 2.647 GC heap before
{Heap before GC invocations=1 (full 0):
 garbage-first heap   total 262144K, used 117330K [0x00000000e0000000, 0x0000000100000000)
  region size 1024K, 108 young (110592K), 3 survivors (3072K)
 Metaspace       used 20697K, capacity 21168K, committed 21296K, reserved 405504K
  class space    used 2516K, capacity 2664K, committed 2688K, reserved 385024K
}
Event: 2.656 GC heap after
{Heap after GC invocations=2 (full 0):
 garbage-first heap   total 262144K, used 19022K [0x00000000e0000000, 0x0000000100000000)
  region size 1024K, 11 young (11264K), 11 survivors (11264K)
 Metaspace       used 20697K, capacity 21168K, committed 21296K, reserved 405504K
  class space    used 2516K, capacity 2664K, committed 2688K, reserved 385024K
}
Event: 3.065 GC heap before
{Heap before GC invocations=3 (full 0):
 garbage-first heap   total 262144K, used 63054K [0x00000000e0000000, 0x0000000100000000)
  region size 1024K, 54 young (55296K), 11 survivors (11264K)
 Metaspace       used 24758K, capacity 25416K, committed 25648K, reserved 407552K
  class space    used 3174K, capacity 3405K, committed 3456K, reserved 385024K
}
Event: 3.074 GC heap after
{Heap after GC invocations=4 (full 0):
 garbage-first heap   total 262144K, used 20310K [0x00000000e0000000, 0x0000000100000000)
  region size 1024K, 2 young (2048K), 2 survivors (2048K)
 Metaspace       used 24758K, capacity 25416K, committed 25648K, reserved 407552K
  class space    used 3174K, capacity 3405K, committed 3456K, reserved 385024K
}

