# JRE version: Java(TM) SE Runtime Environment 18.9 (11.0.17+10) (build 11.0.17+10-LTS-269)
# Java VM: Java HotSpot(TM) 64-Bit Server VM 18.9 (11.0.17+10-LTS-269, mixed mode, tiered, compressed oops, g1 gc, windows-amd64)
Heap:
 garbage-first heap   total 262144K, used 89518K [0x00000000e0000000, 0x0000000100000000)
  region size 1024K, 26 young (26624K), 7 survivors (7168K)
 Metaspace       used 84142K, capacity 87166K, committed 87260K, reserved 460800K
  class space    used 11232K, capacity 12442K, committed 12492K, reserved 385024K
GC Heap History (10 events):
Event: 9.804 GC heap before
{Heap before GC invocations=9 (full 0):
 garbage-first heap   total 262144K, used 77504K [0x00000000e0000000, 0x0000000100000000)
  region size 1024K, 43 young (44032K), 12 survivors (12288K)
 Metaspace       used 58651K, capacity 60592K, committed 60636K, reserved 438272K
  class space    used 7834K, capacity 8623K, committed 8652K, reserved 385024K
}
Event: 9.815 GC heap after
{Heap after GC invocations=10 (full 0):
 garbage-first heap   total 262144K, used 49023K [0x00000000e0000000, 0x0000000100000000)
  region size 1024K, 7 young (7168K), 7 survivors (7168K)
 Metaspace       used 58651K, capacity 60592K, committed 60636K, reserved 438272K
  class space    used 7834K, capacity 8623K, committed 8652K, reserved 385024K
}
Event: 11.133 GC heap before
{Heap before GC invocations=11 (full 0):
 garbage-first heap   total 262144K, used 187263K [0x00000000e0000000, 0x0000000100000000)
  region size 1024K, 142 young (145408K), 7 survivors (7168K)
 Metaspace       used 67366K, capacity 69503K, committed 69596K, reserved 446464K
  class space    used 9013K, capacity 9872K, committed 9932K, reserved 385024K
}
Event: 11.146 GC heap after
{Heap after GC invocations=12 (full 0):
 garbage-first heap   total 262144K, used 55889K [0x00000000e0000000, 0x0000000100000000)
  region size 1024K, 14 young (14336K), 14 survivors (14336K)
 Metaspace       used 67366K, capacity 69503K, committed 69596K, reserved 446464K
  class space    used 9013K, capacity 9872K, committed 9932K, reserved 385024K
}
Event: 16.171 GC heap before
{Heap before GC invocations=12 (full 0):
 garbage-first heap   total 262144K, used 192081K [0x00000000e0000000, 0x0000000100000000)
  region size 1024K, 147 young (150528K), 14 survivors (14336K)
 Metaspace       used 72976K, capacity 75391K, committed 75484K, reserved 450560K
  class space    used 9898K, capacity 10894K, committed 10956K, reserved 385024K
}
Event: 16.201 GC heap after
{Heap after GC invocations=13 (full 0):
 garbage-first heap   total 262144K, used 64862K [0x00000000e0000000, 0x0000000100000000)
  region size 1024K, 19 young (19456K), 19 survivors (19456K)
 Metaspace       used 72976K, capacity 75391K, committed 75484K, reserved 450560K
  class space    used 9898K, capacity 10894K, committed 10956K, reserved 385024K
}
Event: 19.574 GC heap before
{Heap before GC invocations=13 (full 0):
 garbage-first heap   total 262144K, used 196958K [0x00000000e0000000, 0x0000000100000000)
  region size 1024K, 148 young (151552K), 19 survivors (19456K)
 Metaspace       used 76906K, capacity 79568K, committed 79836K, reserved 454656K
  class space    used 10335K, capacity 11418K, committed 11468K, reserved 385024K
}
Event: 19.600 GC heap after
{Heap after GC invocations=14 (full 0):
 garbage-first heap   total 262144K, used 70436K [0x00000000e0000000, 0x0000000100000000)
  region size 1024K, 14 young (14336K), 14 survivors (14336K)
 Metaspace       used 76906K, capacity 79568K, committed 79836K, reserved 454656K
  class space    used 10335K, capacity 11418K, committed 11468K, reserved 385024K
}
Event: 21.799 GC heap before
{Heap before GC invocations=14 (full 0):
 garbage-first heap   total 262144K, used 202532K [0x00000000e0000000, 0x0000000100000000)
  region size 1024K, 144 young (147456K), 14 survivors (14336K)
 Metaspace       used 81888K, capacity 84562K, committed 84700K, reserved 458752K
  class space    used 10873K, capacity 11967K, committed 11980K, reserved 385024K
}
Event: 21.824 GC heap after
{Heap after GC invocations=15 (full 0):
 garbage-first heap   total 262144K, used 72110K [0x00000000e0000000, 0x0000000100000000)
  region size 1024K, 7 young (7168K), 7 survivors (7168K)
 Metaspace       used 81888K, capacity 84562K, committed 84700K, reserved 458752K
  class space    used 10873K, capacity 11967K, committed 11980K, reserved 385024K
}

