# JRE version: Java(TM) SE Runtime Environment (17.0.11+7) (build 17.0.11+7-LTS-207)
# Java VM: Java HotSpot(TM) 64-Bit Server VM (17.0.11+7-LTS-207, mixed mode, sharing, tiered, compressed oops, compressed class ptrs, g1 gc, windows-amd64)
GC Precious Log:
 CPUs: 8 total, 8 available
 Memory: 8058M
 Large Page Support: Disabled
 NUMA Support: Disabled
 Compressed Oops: Enabled (32-bit)
 Heap Region Size: 1M
 Heap Min Capacity: 8M
 Heap Initial Capacity: 126M
 Heap Max Capacity: 2016M
 Pre-touch: Disabled
 Parallel Workers: 8
 Concurrent Workers: 2
 Concurrent Refinement Workers: 8
 Periodic GC: Disabled
Heap:
 garbage-first heap   total 45056K, used 30374K [0x0000000082000000, 0x0000000100000000)
  region size 1024K, 14 young (14336K), 2 survivors (2048K)
 Metaspace       used 37646K, committed 38016K, reserved 1114112K
  class space    used 4631K, committed 4800K, reserved 1048576K
GC Heap History (20 events):
Event: 1.178 GC heap before
{Heap before GC invocations=0 (full 0):
 garbage-first heap   total 129024K, used 24576K [0x0000000082000000, 0x0000000100000000)
  region size 1024K, 23 young (23552K), 0 survivors (0K)
 Metaspace       used 6180K, committed 6400K, reserved 1114112K
  class space    used 715K, committed 832K, reserved 1048576K
}
Event: 1.186 GC heap after
{Heap after GC invocations=1 (full 0):
 garbage-first heap   total 129024K, used 6293K [0x0000000082000000, 0x0000000100000000)
  region size 1024K, 3 young (3072K), 3 survivors (3072K)
 Metaspace       used 6180K, committed 6400K, reserved 1114112K
  class space    used 715K, committed 832K, reserved 1048576K
}
Event: 2.117 GC heap before
{Heap before GC invocations=1 (full 0):
 garbage-first heap   total 129024K, used 32917K [0x0000000082000000, 0x0000000100000000)
  region size 1024K, 30 young (30720K), 3 survivors (3072K)
 Metaspace       used 12609K, committed 12800K, reserved 1114112K
  class space    used 1507K, committed 1600K, reserved 1048576K
}
Event: 2.123 GC heap after
{Heap after GC invocations=2 (full 0):
 garbage-first heap   total 129024K, used 8096K [0x0000000082000000, 0x0000000100000000)
  region size 1024K, 2 young (2048K), 2 survivors (2048K)
 Metaspace       used 12609K, committed 12800K, reserved 1114112K
  class space    used 1507K, committed 1600K, reserved 1048576K
}
Event: 3.657 GC heap before
{Heap before GC invocations=2 (full 0):
 garbage-first heap   total 129024K, used 64416K [0x0000000082000000, 0x0000000100000000)
  region size 1024K, 59 young (60416K), 2 survivors (2048K)
 Metaspace       used 21299K, committed 21504K, reserved 1114112K
  class space    used 2648K, committed 2752K, reserved 1048576K
}
Event: 3.666 GC heap after
{Heap after GC invocations=3 (full 0):
 garbage-first heap   total 129024K, used 11354K [0x0000000082000000, 0x0000000100000000)
  region size 1024K, 5 young (5120K), 5 survivors (5120K)
 Metaspace       used 21299K, committed 21504K, reserved 1114112K
  class space    used 2648K, committed 2752K, reserved 1048576K
}
Event: 4.801 GC heap before
{Heap before GC invocations=4 (full 0):
 garbage-first heap   total 45056K, used 32858K [0x0000000082000000, 0x0000000100000000)
  region size 1024K, 26 young (26624K), 5 survivors (5120K)
 Metaspace       used 26223K, committed 26496K, reserved 1114112K
  class space    used 3204K, committed 3328K, reserved 1048576K
}
Event: 4.814 GC heap after
{Heap after GC invocations=5 (full 0):
 garbage-first heap   total 45056K, used 14259K [0x0000000082000000, 0x0000000100000000)
  region size 1024K, 4 young (4096K), 4 survivors (4096K)
 Metaspace       used 26223K, committed 26496K, reserved 1114112K
  class space    used 3204K, committed 3328K, reserved 1048576K
}
Event: 4.835 GC heap before
{Heap before GC invocations=5 (full 0):
 garbage-first heap   total 45056K, used 15283K [0x0000000082000000, 0x0000000100000000)
  region size 1024K, 5 young (5120K), 4 survivors (4096K)
 Metaspace       used 26238K, committed 26496K, reserved 1114112K
  class space    used 3205K, committed 3328K, reserved 1048576K
}
Event: 4.839 GC heap after
{Heap after GC invocations=6 (full 0):
 garbage-first heap   total 45056K, used 14901K [0x0000000082000000, 0x0000000100000000)
  region size 1024K, 1 young (1024K), 1 survivors (1024K)
 Metaspace       used 26238K, committed 26496K, reserved 1114112K
  class space    used 3205K, committed 3328K, reserved 1048576K
}
Event: 5.461 GC heap before
{Heap before GC invocations=6 (full 0):
 garbage-first heap   total 45056K, used 32309K [0x0000000082000000, 0x0000000100000000)
  region size 1024K, 18 young (18432K), 1 survivors (1024K)
 Metaspace       used 28334K, committed 28544K, reserved 1114112K
  class space    used 3439K, committed 3520K, reserved 1048576K
}
Event: 5.463 GC heap after
{Heap after GC invocations=7 (full 0):
 garbage-first heap   total 45056K, used 15723K [0x0000000082000000, 0x0000000100000000)
  region size 1024K, 2 young (2048K), 2 survivors (2048K)
 Metaspace       used 28334K, committed 28544K, reserved 1114112K
  class space    used 3439K, committed 3520K, reserved 1048576K
}
Event: 6.079 GC heap before
{Heap before GC invocations=7 (full 0):
 garbage-first heap   total 45056K, used 33131K [0x0000000082000000, 0x0000000100000000)
  region size 1024K, 19 young (19456K), 2 survivors (2048K)
 Metaspace       used 31325K, committed 31616K, reserved 1114112K
  class space    used 3816K, committed 3968K, reserved 1048576K
}
Event: 6.084 GC heap after
{Heap after GC invocations=8 (full 0):
 garbage-first heap   total 45056K, used 17372K [0x0000000082000000, 0x0000000100000000)
  region size 1024K, 3 young (3072K), 3 survivors (3072K)
 Metaspace       used 31325K, committed 31616K, reserved 1114112K
  class space    used 3816K, committed 3968K, reserved 1048576K
}
Event: 10.811 GC heap before
{Heap before GC invocations=8 (full 0):
 garbage-first heap   total 45056K, used 33756K [0x0000000082000000, 0x0000000100000000)
  region size 1024K, 19 young (19456K), 3 survivors (3072K)
 Metaspace       used 33759K, committed 34048K, reserved 1114112K
  class space    used 4128K, committed 4224K, reserved 1048576K
}
Event: 10.817 GC heap after
{Heap after GC invocations=9 (full 0):
 garbage-first heap   total 45056K, used 19309K [0x0000000082000000, 0x0000000100000000)
  region size 1024K, 3 young (3072K), 3 survivors (3072K)
 Metaspace       used 33759K, committed 34048K, reserved 1114112K
  class space    used 4128K, committed 4224K, reserved 1048576K
}
Event: 19.149 GC heap before
{Heap before GC invocations=9 (full 0):
 garbage-first heap   total 45056K, used 33645K [0x0000000082000000, 0x0000000100000000)
  region size 1024K, 17 young (17408K), 3 survivors (3072K)
 Metaspace       used 35022K, committed 35392K, reserved 1114112K
  class space    used 4278K, committed 4480K, reserved 1048576K
}
Event: 19.153 GC heap after
{Heap after GC invocations=10 (full 0):
 garbage-first heap   total 45056K, used 19509K [0x0000000082000000, 0x0000000100000000)
  region size 1024K, 1 young (1024K), 1 survivors (1024K)
 Metaspace       used 35022K, committed 35392K, reserved 1114112K
  class space    used 4278K, committed 4480K, reserved 1048576K
}
Event: 25.828 GC heap before
{Heap before GC invocations=10 (full 0):
 garbage-first heap   total 45056K, used 29749K [0x0000000082000000, 0x0000000100000000)
  region size 1024K, 13 young (13312K), 1 survivors (1024K)
 Metaspace       used 35677K, committed 35968K, reserved 1114112K
  class space    used 4370K, committed 4544K, reserved 1048576K
}
Event: 25.832 GC heap after
{Heap after GC invocations=11 (full 0):
 garbage-first heap   total 45056K, used 20134K [0x0000000082000000, 0x0000000100000000)
  region size 1024K, 2 young (2048K), 2 survivors (2048K)
 Metaspace       used 35677K, committed 35968K, reserved 1114112K
  class space    used 4370K, committed 4544K, reserved 1048576K
}

