# JRE version: OpenJDK Runtime Environment Temurin-11.0.23+9 (11.0.23+9) (build 11.0.23+9)
# Java VM: OpenJDK 64-Bit Server VM Temurin-11.0.23+9 (11.0.23+9, mixed mode, tiered, compressed oops, g1 gc, windows-amd64)
Heap:
 garbage-first heap   total 129024K, used 37807K [0x0000000082000000, 0x0000000100000000)
  region size 1024K, 18 young (18432K), 3 survivors (3072K)
 Metaspace       used 31425K, capacity 32155K, committed 32304K, reserved 1077248K
  class space    used 3386K, capacity 3666K, committed 3712K, reserved 1048576K
GC Heap History (8 events):
Event: 1.689 GC heap before
{Heap before GC invocations=0 (full 0):
 garbage-first heap   total 129024K, used 33792K [0x0000000082000000, 0x0000000100000000)
  region size 1024K, 24 young (24576K), 0 survivors (0K)
 Metaspace       used 12039K, capacity 12181K, committed 12416K, reserved 1060864K
  class space    used 1080K, capacity 1143K, committed 1152K, reserved 1048576K
}
Event: 1.700 GC heap after
{Heap after GC invocations=1 (full 0):
 garbage-first heap   total 129024K, used 16569K [0x0000000082000000, 0x0000000100000000)
  region size 1024K, 3 young (3072K), 3 survivors (3072K)
 Metaspace       used 12039K, capacity 12181K, committed 12416K, reserved 1060864K
  class space    used 1080K, capacity 1143K, committed 1152K, reserved 1048576K
}
Event: 4.617 GC heap before
{Heap before GC invocations=1 (full 0):
 garbage-first heap   total 129024K, used 91321K [0x0000000082000000, 0x0000000100000000)
  region size 1024K, 75 young (76800K), 3 survivors (3072K)
 Metaspace       used 20786K, capacity 21125K, committed 21296K, reserved 1069056K
  class space    used 2014K, capacity 2120K, committed 2176K, reserved 1048576K
}
Event: 4.656 GC heap after
{Heap after GC invocations=2 (full 0):
 garbage-first heap   total 129024K, used 22338K [0x0000000082000000, 0x0000000100000000)
  region size 1024K, 9 young (9216K), 9 survivors (9216K)
 Metaspace       used 20786K, capacity 21125K, committed 21296K, reserved 1069056K
  class space    used 2014K, capacity 2120K, committed 2176K, reserved 1048576K
}
Event: 4.707 GC heap before
{Heap before GC invocations=2 (full 0):
 garbage-first heap   total 129024K, used 22338K [0x0000000082000000, 0x0000000100000000)
  region size 1024K, 10 young (10240K), 9 survivors (9216K)
 Metaspace       used 20926K, capacity 21221K, committed 21296K, reserved 1069056K
  class space    used 2028K, capacity 2152K, committed 2176K, reserved 1048576K
}
Event: 4.732 GC heap after
{Heap after GC invocations=3 (full 0):
 garbage-first heap   total 129024K, used 22868K [0x0000000082000000, 0x0000000100000000)
  region size 1024K, 1 young (1024K), 1 survivors (1024K)
 Metaspace       used 20926K, capacity 21221K, committed 21296K, reserved 1069056K
  class space    used 2028K, capacity 2152K, committed 2176K, reserved 1048576K
}
Event: 6.708 GC heap before
{Heap before GC invocations=4 (full 0):
 garbage-first heap   total 129024K, used 69972K [0x0000000082000000, 0x0000000100000000)
  region size 1024K, 48 young (49152K), 1 survivors (1024K)
 Metaspace       used 28765K, capacity 29440K, committed 29744K, reserved 1075200K
  class space    used 3112K, capacity 3400K, committed 3456K, reserved 1048576K
}
Event: 6.714 GC heap after
{Heap after GC invocations=5 (full 0):
 garbage-first heap   total 129024K, used 24495K [0x0000000082000000, 0x0000000100000000)
  region size 1024K, 3 young (3072K), 3 survivors (3072K)
 Metaspace       used 28765K, capacity 29440K, committed 29744K, reserved 1075200K
  class space    used 3112K, capacity 3400K, committed 3456K, reserved 1048576K
}

