# JRE version: OpenJDK Runtime Environment Temurin-11.0.23+9 (11.0.23+9) (build 11.0.23+9)
# Java VM: OpenJDK 64-Bit Server VM Temurin-11.0.23+9 (11.0.23+9, mixed mode, tiered, compressed oops, g1 gc, windows-amd64)
Heap:
 garbage-first heap   total 129024K, used 80465K [0x0000000082000000, 0x0000000100000000)
  region size 1024K, 56 young (57344K), 7 survivors (7168K)
 Metaspace       used 53169K, capacity 54636K, committed 54704K, reserved 1097728K
  class space    used 6052K, capacity 6650K, committed 6656K, reserved 1048576K
GC Heap History (14 events):
Event: 1.445 GC heap before
{Heap before GC invocations=0 (full 0):
 garbage-first heap   total 129024K, used 33792K [0x0000000082000000, 0x0000000100000000)
  region size 1024K, 24 young (24576K), 0 survivors (0K)
 Metaspace       used 12036K, capacity 12181K, committed 12416K, reserved 1060864K
  class space    used 1080K, capacity 1143K, committed 1152K, reserved 1048576K
}
Event: 1.457 GC heap after
{Heap after GC invocations=1 (full 0):
 garbage-first heap   total 129024K, used 16842K [0x0000000082000000, 0x0000000100000000)
  region size 1024K, 3 young (3072K), 3 survivors (3072K)
 Metaspace       used 12036K, capacity 12181K, committed 12416K, reserved 1060864K
  class space    used 1080K, capacity 1143K, committed 1152K, reserved 1048576K
}
Event: 4.411 GC heap before
{Heap before GC invocations=1 (full 0):
 garbage-first heap   total 129024K, used 90570K [0x0000000082000000, 0x0000000100000000)
  region size 1024K, 75 young (76800K), 3 survivors (3072K)
 Metaspace       used 20826K, capacity 21125K, committed 21296K, reserved 1069056K
  class space    used 2018K, capacity 2120K, committed 2176K, reserved 1048576K
}
Event: 4.426 GC heap after
{Heap after GC invocations=2 (full 0):
 garbage-first heap   total 129024K, used 22540K [0x0000000082000000, 0x0000000100000000)
  region size 1024K, 9 young (9216K), 9 survivors (9216K)
 Metaspace       used 20826K, capacity 21125K, committed 21296K, reserved 1069056K
  class space    used 2018K, capacity 2120K, committed 2176K, reserved 1048576K
}
Event: 4.456 GC heap before
{Heap before GC invocations=2 (full 0):
 garbage-first heap   total 129024K, used 22540K [0x0000000082000000, 0x0000000100000000)
  region size 1024K, 10 young (10240K), 9 survivors (9216K)
 Metaspace       used 20941K, capacity 21221K, committed 21296K, reserved 1069056K
  class space    used 2027K, capacity 2152K, committed 2176K, reserved 1048576K
}
Event: 4.473 GC heap after
{Heap after GC invocations=3 (full 0):
 garbage-first heap   total 129024K, used 23316K [0x0000000082000000, 0x0000000100000000)
  region size 1024K, 1 young (1024K), 1 survivors (1024K)
 Metaspace       used 20941K, capacity 21221K, committed 21296K, reserved 1069056K
  class space    used 2027K, capacity 2152K, committed 2176K, reserved 1048576K
}
Event: 6.470 GC heap before
{Heap before GC invocations=4 (full 0):
 garbage-first heap   total 129024K, used 74516K [0x0000000082000000, 0x0000000100000000)
  region size 1024K, 52 young (53248K), 1 survivors (1024K)
 Metaspace       used 29710K, capacity 30414K, committed 30640K, reserved 1077248K
  class space    used 3213K, capacity 3489K, committed 3584K, reserved 1048576K
}
Event: 6.478 GC heap after
{Heap after GC invocations=5 (full 0):
 garbage-first heap   total 129024K, used 24963K [0x0000000082000000, 0x0000000100000000)
  region size 1024K, 3 young (3072K), 3 survivors (3072K)
 Metaspace       used 29710K, capacity 30414K, committed 30640K, reserved 1077248K
  class space    used 3213K, capacity 3489K, committed 3584K, reserved 1048576K
}
Event: 7.146 GC heap before
{Heap before GC invocations=5 (full 0):
 garbage-first heap   total 129024K, used 58755K [0x0000000082000000, 0x0000000100000000)
  region size 1024K, 37 young (37888K), 3 survivors (3072K)
 Metaspace       used 35008K, capacity 35725K, committed 35888K, reserved 1081344K
  class space    used 3820K, capacity 4108K, committed 4224K, reserved 1048576K
}
Event: 7.156 GC heap after
{Heap after GC invocations=6 (full 0):
 garbage-first heap   total 129024K, used 25810K [0x0000000082000000, 0x0000000100000000)
  region size 1024K, 4 young (4096K), 4 survivors (4096K)
 Metaspace       used 35008K, capacity 35725K, committed 35888K, reserved 1081344K
  class space    used 3820K, capacity 4108K, committed 4224K, reserved 1048576K
}
Event: 9.125 GC heap before
{Heap before GC invocations=7 (full 0):
 garbage-first heap   total 129024K, used 85202K [0x0000000082000000, 0x0000000100000000)
  region size 1024K, 62 young (63488K), 4 survivors (4096K)
 Metaspace       used 39925K, capacity 40751K, committed 40880K, reserved 1085440K
  class space    used 4441K, capacity 4793K, committed 4864K, reserved 1048576K
}
Event: 9.134 GC heap after
{Heap after GC invocations=8 (full 0):
 garbage-first heap   total 129024K, used 27604K [0x0000000082000000, 0x0000000100000000)
  region size 1024K, 5 young (5120K), 5 survivors (5120K)
 Metaspace       used 39925K, capacity 40751K, committed 40880K, reserved 1085440K
  class space    used 4441K, capacity 4793K, committed 4864K, reserved 1048576K
}
Event: 12.287 GC heap before
{Heap before GC invocations=8 (full 0):
 garbage-first heap   total 129024K, used 90068K [0x0000000082000000, 0x0000000100000000)
  region size 1024K, 66 young (67584K), 5 survivors (5120K)
 Metaspace       used 47235K, capacity 48452K, committed 48560K, reserved 1091584K
  class space    used 5355K, capacity 5862K, committed 5888K, reserved 1048576K
}
Event: 12.300 GC heap after
{Heap after GC invocations=9 (full 0):
 garbage-first heap   total 129024K, used 31313K [0x0000000082000000, 0x0000000100000000)
  region size 1024K, 7 young (7168K), 7 survivors (7168K)
 Metaspace       used 47235K, capacity 48452K, committed 48560K, reserved 1091584K
  class space    used 5355K, capacity 5862K, committed 5888K, reserved 1048576K
}

