# JRE version: Java(TM) SE Runtime Environment 18.9 (11.0.17+10) (build 11.0.17+10-LTS-269)
# Java VM: Java HotSpot(TM) 64-Bit Server VM 18.9 (11.0.17+10-LTS-269, mixed mode, tiered, compressed oops, g1 gc, windows-amd64)
Heap:
 garbage-first heap   total 262144K, used 196419K [0x00000000e0000000, 0x0000000100000000)
  region size 1024K, 120 young (122880K), 18 survivors (18432K)
 Metaspace       used 93895K, capacity 97418K, committed 97500K, reserved 468992K
  class space    used 12253K, capacity 13658K, committed 13708K, reserved 385024K
GC Heap History (10 events):
Event: 23.781 GC heap before
{Heap before GC invocations=11 (full 0):
 garbage-first heap   total 262144K, used 195281K [0x00000000e0000000, 0x0000000100000000)
  region size 1024K, 150 young (153600K), 14 survivors (14336K)
 Metaspace       used 73945K, capacity 76247K, committed 76380K, reserved 452608K
  class space    used 9850K, capacity 10755K, committed 10764K, reserved 385024K
}
Event: 23.804 GC heap after
{Heap after GC invocations=12 (full 0):
 garbage-first heap   total 262144K, used 60602K [0x00000000e0000000, 0x0000000100000000)
  region size 1024K, 15 young (15360K), 15 survivors (15360K)
 Metaspace       used 73945K, capacity 76247K, committed 76380K, reserved 452608K
  class space    used 9850K, capacity 10755K, committed 10764K, reserved 385024K
}
Event: 30.160 GC heap before
{Heap before GC invocations=12 (full 0):
 garbage-first heap   total 262144K, used 200890K [0x00000000e0000000, 0x0000000100000000)
  region size 1024K, 153 young (156672K), 15 survivors (15360K)
 Metaspace       used 80891K, capacity 83502K, committed 83676K, reserved 458752K
  class space    used 10805K, capacity 11842K, committed 11916K, reserved 385024K
}
Event: 30.193 GC heap after
{Heap after GC invocations=13 (full 0):
 garbage-first heap   total 262144K, used 69885K [0x00000000e0000000, 0x0000000100000000)
  region size 1024K, 14 young (14336K), 14 survivors (14336K)
 Metaspace       used 80891K, capacity 83502K, committed 83676K, reserved 458752K
  class space    used 10805K, capacity 11842K, committed 11916K, reserved 385024K
}
Event: 43.018 GC heap before
{Heap before GC invocations=13 (full 0):
 garbage-first heap   total 262144K, used 205053K [0x00000000e0000000, 0x0000000100000000)
  region size 1024K, 146 young (149504K), 14 survivors (14336K)
 Metaspace       used 85309K, capacity 88238K, committed 88412K, reserved 462848K
  class space    used 11297K, capacity 12467K, committed 12556K, reserved 385024K
}
Event: 43.050 GC heap after
{Heap after GC invocations=14 (full 0):
 garbage-first heap   total 262144K, used 76092K [0x00000000e0000000, 0x0000000100000000)
  region size 1024K, 16 young (16384K), 16 survivors (16384K)
 Metaspace       used 85309K, capacity 88238K, committed 88412K, reserved 462848K
  class space    used 11297K, capacity 12467K, committed 12556K, reserved 385024K
}
Event: 46.850 GC heap before
{Heap before GC invocations=14 (full 0):
 garbage-first heap   total 262144K, used 206140K [0x00000000e0000000, 0x0000000100000000)
  region size 1024K, 144 young (147456K), 16 survivors (16384K)
 Metaspace       used 88870K, capacity 91832K, committed 91868K, reserved 464896K
  class space    used 11689K, capacity 12905K, committed 12940K, reserved 385024K
}
Event: 46.882 GC heap after
{Heap after GC invocations=15 (full 0):
 garbage-first heap   total 262144K, used 82639K [0x00000000e0000000, 0x0000000100000000)
  region size 1024K, 14 young (14336K), 14 survivors (14336K)
 Metaspace       used 88870K, capacity 91832K, committed 91868K, reserved 464896K
  class space    used 11689K, capacity 12905K, committed 12940K, reserved 385024K
}
Event: 98.911 GC heap before
{Heap before GC invocations=15 (full 0):
 garbage-first heap   total 262144K, used 209615K [0x00000000e0000000, 0x0000000100000000)
  region size 1024K, 139 young (142336K), 14 survivors (14336K)
 Metaspace       used 92958K, capacity 96369K, committed 96732K, reserved 468992K
  class space    used 12227K, capacity 13583K, committed 13708K, reserved 385024K
}
Event: 98.951 GC heap after
{Heap after GC invocations=16 (full 0):
 garbage-first heap   total 262144K, used 94019K [0x00000000e0000000, 0x0000000100000000)
  region size 1024K, 18 young (18432K), 18 survivors (18432K)
 Metaspace       used 92958K, capacity 96369K, committed 96732K, reserved 468992K
  class space    used 12227K, capacity 13583K, committed 13708K, reserved 385024K
}

