# JRE version: Java(TM) SE Runtime Environment 18.9 (11.0.17+10) (build 11.0.17+10-LTS-269)
# Java VM: Java HotSpot(TM) 64-Bit Server VM 18.9 (11.0.17+10-LTS-269, mixed mode, tiered, compressed oops, g1 gc, windows-amd64)
Heap:
 garbage-first heap   total 262144K, used 53255K [0x00000000e0000000, 0x0000000100000000)
  region size 1024K, 36 young (36864K), 1 survivors (1024K)
 Metaspace       used 23610K, capacity 24217K, committed 24444K, reserved 407552K
  class space    used 2972K, capacity 3197K, committed 3276K, reserved 385024K
GC Heap History (8 events):
Event: 1.500 GC heap before
{Heap before GC invocations=0 (full 0):
 garbage-first heap   total 262144K, used 27648K [0x00000000e0000000, 0x0000000100000000)
  region size 1024K, 24 young (24576K), 0 survivors (0K)
 Metaspace       used 9959K, capacity 10197K, committed 10368K, reserved 395264K
  class space    used 1013K, capacity 1081K, committed 1152K, reserved 385024K
}
Event: 1.511 GC heap after
{Heap after GC invocations=1 (full 0):
 garbage-first heap   total 262144K, used 10772K [0x00000000e0000000, 0x0000000100000000)
  region size 1024K, 3 young (3072K), 3 survivors (3072K)
 Metaspace       used 9959K, capacity 10197K, committed 10368K, reserved 395264K
  class space    used 1013K, capacity 1081K, committed 1152K, reserved 385024K
}
Event: 2.351 GC heap before
{Heap before GC invocations=1 (full 0):
 garbage-first heap   total 262144K, used 32276K [0x00000000e0000000, 0x0000000100000000)
  region size 1024K, 24 young (24576K), 3 survivors (3072K)
 Metaspace       used 11257K, capacity 11538K, committed 11776K, reserved 397312K
  class space    used 1179K, capacity 1251K, committed 1280K, reserved 385024K
}
Event: 2.360 GC heap after
{Heap after GC invocations=2 (full 0):
 garbage-first heap   total 262144K, used 11474K [0x00000000e0000000, 0x0000000100000000)
  region size 1024K, 1 young (1024K), 1 survivors (1024K)
 Metaspace       used 11257K, capacity 11538K, committed 11776K, reserved 397312K
  class space    used 1179K, capacity 1251K, committed 1280K, reserved 385024K
}
Event: 5.261 GC heap before
{Heap before GC invocations=2 (full 0):
 garbage-first heap   total 262144K, used 65746K [0x00000000e0000000, 0x0000000100000000)
  region size 1024K, 53 young (54272K), 1 survivors (1024K)
 Metaspace       used 17386K, capacity 17802K, committed 18048K, reserved 401408K
  class space    used 2023K, capacity 2152K, committed 2176K, reserved 385024K
}
Event: 5.271 GC heap after
{Heap after GC invocations=3 (full 0):
 garbage-first heap   total 262144K, used 17676K [0x00000000e0000000, 0x0000000100000000)
  region size 1024K, 7 young (7168K), 7 survivors (7168K)
 Metaspace       used 17386K, capacity 17802K, committed 18048K, reserved 401408K
  class space    used 2023K, capacity 2152K, committed 2176K, reserved 385024K
}
Event: 5.897 GC heap before
{Heap before GC invocations=3 (full 0):
 garbage-first heap   total 262144K, used 41228K [0x00000000e0000000, 0x0000000100000000)
  region size 1024K, 31 young (31744K), 7 survivors (7168K)
 Metaspace       used 20703K, capacity 21167K, committed 21296K, reserved 405504K
  class space    used 2500K, capacity 2665K, committed 2688K, reserved 385024K
}
Event: 5.908 GC heap after
{Heap after GC invocations=4 (full 0):
 garbage-first heap   total 262144K, used 18439K [0x00000000e0000000, 0x0000000100000000)
  region size 1024K, 1 young (1024K), 1 survivors (1024K)
 Metaspace       used 20703K, capacity 21167K, committed 21296K, reserved 405504K
  class space    used 2500K, capacity 2665K, committed 2688K, reserved 385024K
}

